[0.038s] Invoking command in '/home/vboxuser/Downloads/trabalho_stage_ros2/build/stage_ros2': CMAKE_PREFIX_PATH=/opt/ros/humble /usr/bin/cmake --build /home/vboxuser/Downloads/trabalho_stage_ros2/build/stage_ros2 -- -j1 -l1
[0.466s] [35m[1mConsolidate compiler generated dependencies of target stage_node[0m
[0.837s] [ 71%] Built target stage_node
[0.909s] [35m[1mConsolidate compiler generated dependencies of target stage_ros2[0m
[1.058s] [100%] Built target stage_ros2
[1.131s] Invoked command in '/home/vboxuser/Downloads/trabalho_stage_ros2/build/stage_ros2' returned '0': CMAKE_PREFIX_PATH=/opt/ros/humble /usr/bin/cmake --build /home/vboxuser/Downloads/trabalho_stage_ros2/build/stage_ros2 -- -j1 -l1
[1.147s] Invoking command in '/home/vboxuser/Downloads/trabalho_stage_ros2/build/stage_ros2': CMAKE_PREFIX_PATH=/opt/ros/humble /usr/bin/cmake --install /home/vboxuser/Downloads/trabalho_stage_ros2/build/stage_ros2
[1.188s] -- Install configuration: ""
[1.193s] -- Up-to-date: /home/vboxuser/Downloads/trabalho_stage_ros2/install/stage_ros2/share/stage_ros2/environment/library_path.sh
[1.195s] -- Up-to-date: /home/vboxuser/Downloads/trabalho_stage_ros2/install/stage_ros2/share/stage_ros2/environment/library_path.dsv
[1.197s] -- Up-to-date: /home/vboxuser/Downloads/trabalho_stage_ros2/install/stage_ros2/share/stage_ros2//launch
[1.201s] -- Up-to-date: /home/vboxuser/Downloads/trabalho_stage_ros2/install/stage_ros2/share/stage_ros2//launch/stage.launch.py
[1.203s] -- Up-to-date: /home/vboxuser/Downloads/trabalho_stage_ros2/install/stage_ros2/share/stage_ros2//world
[1.205s] -- Up-to-date: /home/vboxuser/Downloads/trabalho_stage_ros2/install/stage_ros2/share/stage_ros2//world/include
[1.217s] -- Up-to-date: /home/vboxuser/Downloads/trabalho_stage_ros2/install/stage_ros2/share/stage_ros2//world/include/pioneer2dx.inc
[1.217s] -- Up-to-date: /home/vboxuser/Downloads/trabalho_stage_ros2/install/stage_ros2/share/stage_ros2//world/include/robots.inc
[1.217s] -- Up-to-date: /home/vboxuser/Downloads/trabalho_stage_ros2/install/stage_ros2/share/stage_ros2//world/new_cave.world
[1.217s] -- Up-to-date: /home/vboxuser/Downloads/trabalho_stage_ros2/install/stage_ros2/share/stage_ros2//world/bitmaps
[1.219s] -- Up-to-date: /home/vboxuser/Downloads/trabalho_stage_ros2/install/stage_ros2/share/stage_ros2//world/bitmaps/new_cave.png
[1.219s] -- Up-to-date: /home/vboxuser/Downloads/trabalho_stage_ros2/install/stage_ros2/share/stage_ros2//config
[1.224s] -- Up-to-date: /home/vboxuser/Downloads/trabalho_stage_ros2/install/stage_ros2/share/stage_ros2//config/teleop_twist_joy
[1.232s] -- Up-to-date: /home/vboxuser/Downloads/trabalho_stage_ros2/install/stage_ros2/share/stage_ros2//config/teleop_twist_joy/f710.config.yaml
[1.233s] -- Up-to-date: /home/vboxuser/Downloads/trabalho_stage_ros2/install/stage_ros2/share/stage_ros2//config/rviz
[1.235s] -- Up-to-date: /home/vboxuser/Downloads/trabalho_stage_ros2/install/stage_ros2/share/stage_ros2//config/rviz/cave_three_robots.rviz
[1.235s] -- Up-to-date: /home/vboxuser/Downloads/trabalho_stage_ros2/install/stage_ros2/share/stage_ros2//config/rviz/robot0.rviz
[1.235s] -- Up-to-date: /home/vboxuser/Downloads/trabalho_stage_ros2/install/stage_ros2/share/stage_ros2//config/rviz/cave_seven_robots.rviz
[1.235s] -- Up-to-date: /home/vboxuser/Downloads/trabalho_stage_ros2/install/stage_ros2/share/stage_ros2//config/rviz/robot_ns.rviz
[1.235s] -- Up-to-date: /home/vboxuser/Downloads/trabalho_stage_ros2/install/stage_ros2/share/stage_ros2//config/rviz/cave.rviz
[1.236s] -- Up-to-date: /home/vboxuser/Downloads/trabalho_stage_ros2/install/stage_ros2/share/stage_ros2//config/rviz/robot_ns_depth.rviz
[1.236s] -- Up-to-date: /home/vboxuser/Downloads/trabalho_stage_ros2/install/stage_ros2/share/stage_ros2//config/rviz/lines.rviz
[1.247s] -- Up-to-date: /home/vboxuser/Downloads/trabalho_stage_ros2/install/stage_ros2/lib/libstage_node.so
[1.250s] -- Up-to-date: /home/vboxuser/Downloads/trabalho_stage_ros2/install/stage_ros2/lib/stage_ros2/stage_ros2
[1.256s] -- Up-to-date: /home/vboxuser/Downloads/trabalho_stage_ros2/install/stage_ros2/share/ament_index/resource_index/package_run_dependencies/stage_ros2
[1.260s] -- Up-to-date: /home/vboxuser/Downloads/trabalho_stage_ros2/install/stage_ros2/share/ament_index/resource_index/parent_prefix_path/stage_ros2
[1.261s] -- Up-to-date: /home/vboxuser/Downloads/trabalho_stage_ros2/install/stage_ros2/share/stage_ros2/environment/ament_prefix_path.sh
[1.261s] -- Up-to-date: /home/vboxuser/Downloads/trabalho_stage_ros2/install/stage_ros2/share/stage_ros2/environment/ament_prefix_path.dsv
[1.261s] -- Up-to-date: /home/vboxuser/Downloads/trabalho_stage_ros2/install/stage_ros2/share/stage_ros2/environment/path.sh
[1.261s] -- Up-to-date: /home/vboxuser/Downloads/trabalho_stage_ros2/install/stage_ros2/share/stage_ros2/environment/path.dsv
[1.261s] -- Up-to-date: /home/vboxuser/Downloads/trabalho_stage_ros2/install/stage_ros2/share/stage_ros2/local_setup.bash
[1.261s] -- Up-to-date: /home/vboxuser/Downloads/trabalho_stage_ros2/install/stage_ros2/share/stage_ros2/local_setup.sh
[1.263s] -- Up-to-date: /home/vboxuser/Downloads/trabalho_stage_ros2/install/stage_ros2/share/stage_ros2/local_setup.zsh
[1.265s] -- Up-to-date: /home/vboxuser/Downloads/trabalho_stage_ros2/install/stage_ros2/share/stage_ros2/local_setup.dsv
[1.267s] -- Installing: /home/vboxuser/Downloads/trabalho_stage_ros2/install/stage_ros2/share/stage_ros2/package.dsv
[1.267s] -- Up-to-date: /home/vboxuser/Downloads/trabalho_stage_ros2/install/stage_ros2/share/ament_index/resource_index/packages/stage_ros2
[1.268s] -- Up-to-date: /home/vboxuser/Downloads/trabalho_stage_ros2/install/stage_ros2/share/stage_ros2/cmake/stage_ros2Config.cmake
[1.268s] -- Up-to-date: /home/vboxuser/Downloads/trabalho_stage_ros2/install/stage_ros2/share/stage_ros2/cmake/stage_ros2Config-version.cmake
[1.268s] -- Up-to-date: /home/vboxuser/Downloads/trabalho_stage_ros2/install/stage_ros2/share/stage_ros2/package.xml
[1.278s] Invoked command in '/home/vboxuser/Downloads/trabalho_stage_ros2/build/stage_ros2' returned '0': CMAKE_PREFIX_PATH=/opt/ros/humble /usr/bin/cmake --install /home/vboxuser/Downloads/trabalho_stage_ros2/build/stage_ros2
