[0.415s] DEBUG:colcon:Command line arguments: ['/usr/bin/colcon', 'build']
[0.416s] DEBUG:colcon:Parsed command line arguments: Namespace(log_base=None, log_level=None, verb_name='build', build_base='build', install_base='install', merge_install=False, symlink_install=False, test_result_base=None, continue_on_error=False, executor='parallel', parallel_workers=1, event_handlers=None, ignore_user_meta=False, metas=['./colcon.meta'], base_paths=['.'], packages_ignore=None, packages_ignore_regex=None, paths=None, packages_up_to=None, packages_up_to_regex=None, packages_above=None, packages_above_and_dependencies=None, packages_above_depth=None, packages_select_by_dep=None, packages_skip_by_dep=None, packages_skip_up_to=None, packages_select_build_failed=False, packages_skip_build_finished=False, packages_select_test_failures=False, packages_skip_test_passed=False, packages_select=None, packages_skip=None, packages_select_regex=None, packages_skip_regex=None, packages_start=None, packages_end=None, allow_overriding=[], cmake_args=None, cmake_target=None, cmake_target_skip_unavailable=False, cmake_clean_cache=False, cmake_clean_first=False, cmake_force_configure=False, ament_cmake_args=None, catkin_cmake_args=None, catkin_skip_building_tests=False, mixin_files=None, mixin=None, verb_parser=<colcon_mixin.mixin.mixin_argument.MixinArgumentDecorator object at 0x719215461570>, verb_extension=<colcon_core.verb.build.BuildVerb object at 0x719215460f70>, main=<bound method BuildVerb.main of <colcon_core.verb.build.BuildVerb object at 0x719215460f70>>, mixin_verb=('build',))
[1.107s] Level 1:colcon.colcon_core.package_discovery:discover_packages(colcon_meta) check parameters
[1.108s] Level 1:colcon.colcon_core.package_discovery:discover_packages(recursive) check parameters
[1.108s] Level 1:colcon.colcon_core.package_discovery:discover_packages(ignore) check parameters
[1.108s] Level 1:colcon.colcon_core.package_discovery:discover_packages(path) check parameters
[1.108s] Level 1:colcon.colcon_core.package_discovery:discover_packages(colcon_meta) discover
[1.108s] Level 1:colcon.colcon_core.package_discovery:discover_packages(recursive) discover
[1.108s] INFO:colcon.colcon_core.package_discovery:Crawling recursively for packages in '/home/vboxuser/Downloads/trabalho_stage_ros2'
[1.109s] Level 1:colcon.colcon_core.package_identification:_identify(.) by extensions ['ignore', 'ignore_ament_install']
[1.109s] Level 1:colcon.colcon_core.package_identification:_identify(.) by extension 'ignore'
[1.109s] Level 1:colcon.colcon_core.package_identification:_identify(.) by extension 'ignore_ament_install'
[1.109s] Level 1:colcon.colcon_core.package_identification:_identify(.) by extensions ['colcon_pkg']
[1.109s] Level 1:colcon.colcon_core.package_identification:_identify(.) by extension 'colcon_pkg'
[1.109s] Level 1:colcon.colcon_core.package_identification:_identify(.) by extensions ['colcon_meta']
[1.109s] Level 1:colcon.colcon_core.package_identification:_identify(.) by extension 'colcon_meta'
[1.110s] Level 1:colcon.colcon_core.package_identification:_identify(.) by extensions ['ros']
[1.110s] Level 1:colcon.colcon_core.package_identification:_identify(.) by extension 'ros'
[1.145s] Level 1:colcon.colcon_core.package_identification:_identify(.) by extensions ['cmake', 'python']
[1.145s] Level 1:colcon.colcon_core.package_identification:_identify(.) by extension 'cmake'
[1.145s] Level 1:colcon.colcon_core.package_identification:_identify(.) by extension 'python'
[1.145s] Level 1:colcon.colcon_core.package_identification:_identify(.) by extensions ['python_setup_py']
[1.145s] Level 1:colcon.colcon_core.package_identification:_identify(.) by extension 'python_setup_py'
[1.145s] Level 1:colcon.colcon_core.package_identification:_identify(build) by extensions ['ignore', 'ignore_ament_install']
[1.146s] Level 1:colcon.colcon_core.package_identification:_identify(build) by extension 'ignore'
[1.146s] Level 1:colcon.colcon_core.package_identification:_identify(build) ignored
[1.146s] Level 1:colcon.colcon_core.package_identification:_identify(install) by extensions ['ignore', 'ignore_ament_install']
[1.146s] Level 1:colcon.colcon_core.package_identification:_identify(install) by extension 'ignore'
[1.147s] Level 1:colcon.colcon_core.package_identification:_identify(install) ignored
[1.147s] Level 1:colcon.colcon_core.package_identification:_identify(log) by extensions ['ignore', 'ignore_ament_install']
[1.147s] Level 1:colcon.colcon_core.package_identification:_identify(log) by extension 'ignore'
[1.147s] Level 1:colcon.colcon_core.package_identification:_identify(log) ignored
[1.147s] Level 1:colcon.colcon_core.package_identification:_identify(src) by extensions ['ignore', 'ignore_ament_install']
[1.148s] Level 1:colcon.colcon_core.package_identification:_identify(src) by extension 'ignore'
[1.148s] Level 1:colcon.colcon_core.package_identification:_identify(src) by extension 'ignore_ament_install'
[1.148s] Level 1:colcon.colcon_core.package_identification:_identify(src) by extensions ['colcon_pkg']
[1.148s] Level 1:colcon.colcon_core.package_identification:_identify(src) by extension 'colcon_pkg'
[1.148s] Level 1:colcon.colcon_core.package_identification:_identify(src) by extensions ['colcon_meta']
[1.148s] Level 1:colcon.colcon_core.package_identification:_identify(src) by extension 'colcon_meta'
[1.148s] Level 1:colcon.colcon_core.package_identification:_identify(src) by extensions ['ros']
[1.148s] Level 1:colcon.colcon_core.package_identification:_identify(src) by extension 'ros'
[1.149s] Level 1:colcon.colcon_core.package_identification:_identify(src) by extensions ['cmake', 'python']
[1.149s] Level 1:colcon.colcon_core.package_identification:_identify(src) by extension 'cmake'
[1.149s] Level 1:colcon.colcon_core.package_identification:_identify(src) by extension 'python'
[1.149s] Level 1:colcon.colcon_core.package_identification:_identify(src) by extensions ['python_setup_py']
[1.149s] Level 1:colcon.colcon_core.package_identification:_identify(src) by extension 'python_setup_py'
[1.149s] Level 1:colcon.colcon_core.package_identification:_identify(src/Stage) by extensions ['ignore', 'ignore_ament_install']
[1.150s] Level 1:colcon.colcon_core.package_identification:_identify(src/Stage) by extension 'ignore'
[1.150s] Level 1:colcon.colcon_core.package_identification:_identify(src/Stage) by extension 'ignore_ament_install'
[1.150s] Level 1:colcon.colcon_core.package_identification:_identify(src/Stage) by extensions ['colcon_pkg']
[1.150s] Level 1:colcon.colcon_core.package_identification:_identify(src/Stage) by extension 'colcon_pkg'
[1.150s] Level 1:colcon.colcon_core.package_identification:_identify(src/Stage) by extensions ['colcon_meta']
[1.150s] Level 1:colcon.colcon_core.package_identification:_identify(src/Stage) by extension 'colcon_meta'
[1.150s] Level 1:colcon.colcon_core.package_identification:_identify(src/Stage) by extensions ['ros']
[1.150s] Level 1:colcon.colcon_core.package_identification:_identify(src/Stage) by extension 'ros'
[1.159s] DEBUG:colcon.colcon_core.package_identification:Package 'src/Stage' with type 'ros.catkin' and name 'stage'
[1.159s] Level 1:colcon.colcon_core.package_identification:_identify(src/my_py_pkg) by extensions ['ignore', 'ignore_ament_install']
[1.160s] Level 1:colcon.colcon_core.package_identification:_identify(src/my_py_pkg) by extension 'ignore'
[1.160s] Level 1:colcon.colcon_core.package_identification:_identify(src/my_py_pkg) by extension 'ignore_ament_install'
[1.160s] Level 1:colcon.colcon_core.package_identification:_identify(src/my_py_pkg) by extensions ['colcon_pkg']
[1.160s] Level 1:colcon.colcon_core.package_identification:_identify(src/my_py_pkg) by extension 'colcon_pkg'
[1.160s] Level 1:colcon.colcon_core.package_identification:_identify(src/my_py_pkg) by extensions ['colcon_meta']
[1.160s] Level 1:colcon.colcon_core.package_identification:_identify(src/my_py_pkg) by extension 'colcon_meta'
[1.161s] Level 1:colcon.colcon_core.package_identification:_identify(src/my_py_pkg) by extensions ['ros']
[1.161s] Level 1:colcon.colcon_core.package_identification:_identify(src/my_py_pkg) by extension 'ros'
[1.163s] DEBUG:colcon.colcon_core.package_identification:Package 'src/my_py_pkg' with type 'ros.ament_python' and name 'my_py_pkg'
[1.163s] Level 1:colcon.colcon_core.package_identification:_identify(src/stage_ros2) by extensions ['ignore', 'ignore_ament_install']
[1.163s] Level 1:colcon.colcon_core.package_identification:_identify(src/stage_ros2) by extension 'ignore'
[1.164s] Level 1:colcon.colcon_core.package_identification:_identify(src/stage_ros2) by extension 'ignore_ament_install'
[1.164s] Level 1:colcon.colcon_core.package_identification:_identify(src/stage_ros2) by extensions ['colcon_pkg']
[1.164s] Level 1:colcon.colcon_core.package_identification:_identify(src/stage_ros2) by extension 'colcon_pkg'
[1.164s] Level 1:colcon.colcon_core.package_identification:_identify(src/stage_ros2) by extensions ['colcon_meta']
[1.164s] Level 1:colcon.colcon_core.package_identification:_identify(src/stage_ros2) by extension 'colcon_meta'
[1.164s] Level 1:colcon.colcon_core.package_identification:_identify(src/stage_ros2) by extensions ['ros']
[1.165s] Level 1:colcon.colcon_core.package_identification:_identify(src/stage_ros2) by extension 'ros'
[1.168s] DEBUG:colcon.colcon_core.package_identification:Package 'src/stage_ros2' with type 'ros.ament_cmake' and name 'stage_ros2'
[1.168s] Level 1:colcon.colcon_core.package_discovery:discover_packages(recursive) using defaults
[1.168s] Level 1:colcon.colcon_core.package_discovery:discover_packages(ignore) discover
[1.168s] Level 1:colcon.colcon_core.package_discovery:discover_packages(ignore) using defaults
[1.168s] Level 1:colcon.colcon_core.package_discovery:discover_packages(path) discover
[1.168s] Level 1:colcon.colcon_core.package_discovery:discover_packages(path) using defaults
[1.260s] Level 1:colcon.colcon_core.package_discovery:discover_packages(prefix_path) check parameters
[1.260s] Level 1:colcon.colcon_core.package_discovery:discover_packages(prefix_path) discover
[1.265s] DEBUG:colcon.colcon_installed_package_information.package_discovery:Found 3 installed packages in /home/vboxuser/Downloads/trabalho_stage_ros2/install
[1.270s] DEBUG:colcon.colcon_installed_package_information.package_discovery:Found 271 installed packages in /opt/ros/humble
[1.276s] Level 1:colcon.colcon_core.package_discovery:discover_packages(prefix_path) using defaults
[1.430s] Level 5:colcon.colcon_core.verb:set package 'my_py_pkg' build argument 'cmake_args' from command line to 'None'
[1.431s] Level 5:colcon.colcon_core.verb:set package 'my_py_pkg' build argument 'cmake_target' from command line to 'None'
[1.431s] Level 5:colcon.colcon_core.verb:set package 'my_py_pkg' build argument 'cmake_target_skip_unavailable' from command line to 'False'
[1.431s] Level 5:colcon.colcon_core.verb:set package 'my_py_pkg' build argument 'cmake_clean_cache' from command line to 'False'
[1.431s] Level 5:colcon.colcon_core.verb:set package 'my_py_pkg' build argument 'cmake_clean_first' from command line to 'False'
[1.431s] Level 5:colcon.colcon_core.verb:set package 'my_py_pkg' build argument 'cmake_force_configure' from command line to 'False'
[1.431s] Level 5:colcon.colcon_core.verb:set package 'my_py_pkg' build argument 'ament_cmake_args' from command line to 'None'
[1.431s] Level 5:colcon.colcon_core.verb:set package 'my_py_pkg' build argument 'catkin_cmake_args' from command line to 'None'
[1.431s] Level 5:colcon.colcon_core.verb:set package 'my_py_pkg' build argument 'catkin_skip_building_tests' from command line to 'False'
[1.431s] DEBUG:colcon.colcon_core.verb:Building package 'my_py_pkg' with the following arguments: {'ament_cmake_args': None, 'build_base': '/home/vboxuser/Downloads/trabalho_stage_ros2/build/my_py_pkg', 'catkin_cmake_args': None, 'catkin_skip_building_tests': False, 'cmake_args': None, 'cmake_clean_cache': False, 'cmake_clean_first': False, 'cmake_force_configure': False, 'cmake_target': None, 'cmake_target_skip_unavailable': False, 'install_base': '/home/vboxuser/Downloads/trabalho_stage_ros2/install/my_py_pkg', 'merge_install': False, 'path': '/home/vboxuser/Downloads/trabalho_stage_ros2/src/my_py_pkg', 'symlink_install': False, 'test_result_base': None}
[1.433s] Level 5:colcon.colcon_core.verb:set package 'stage' build argument 'cmake_args' from command line to 'None'
[1.433s] Level 5:colcon.colcon_core.verb:set package 'stage' build argument 'cmake_target' from command line to 'None'
[1.433s] Level 5:colcon.colcon_core.verb:set package 'stage' build argument 'cmake_target_skip_unavailable' from command line to 'False'
[1.433s] Level 5:colcon.colcon_core.verb:set package 'stage' build argument 'cmake_clean_cache' from command line to 'False'
[1.433s] Level 5:colcon.colcon_core.verb:set package 'stage' build argument 'cmake_clean_first' from command line to 'False'
[1.433s] Level 5:colcon.colcon_core.verb:set package 'stage' build argument 'cmake_force_configure' from command line to 'False'
[1.434s] Level 5:colcon.colcon_core.verb:set package 'stage' build argument 'ament_cmake_args' from command line to 'None'
[1.434s] Level 5:colcon.colcon_core.verb:set package 'stage' build argument 'catkin_cmake_args' from command line to 'None'
[1.434s] Level 5:colcon.colcon_core.verb:set package 'stage' build argument 'catkin_skip_building_tests' from command line to 'False'
[1.434s] DEBUG:colcon.colcon_core.verb:Building package 'stage' with the following arguments: {'ament_cmake_args': None, 'build_base': '/home/vboxuser/Downloads/trabalho_stage_ros2/build/stage', 'catkin_cmake_args': None, 'catkin_skip_building_tests': False, 'cmake_args': None, 'cmake_clean_cache': False, 'cmake_clean_first': False, 'cmake_force_configure': False, 'cmake_target': None, 'cmake_target_skip_unavailable': False, 'install_base': '/home/vboxuser/Downloads/trabalho_stage_ros2/install/stage', 'merge_install': False, 'path': '/home/vboxuser/Downloads/trabalho_stage_ros2/src/Stage', 'symlink_install': False, 'test_result_base': None}
[1.435s] Level 5:colcon.colcon_core.verb:set package 'stage_ros2' build argument 'cmake_args' from command line to 'None'
[1.435s] Level 5:colcon.colcon_core.verb:set package 'stage_ros2' build argument 'cmake_target' from command line to 'None'
[1.435s] Level 5:colcon.colcon_core.verb:set package 'stage_ros2' build argument 'cmake_target_skip_unavailable' from command line to 'False'
[1.435s] Level 5:colcon.colcon_core.verb:set package 'stage_ros2' build argument 'cmake_clean_cache' from command line to 'False'
[1.435s] Level 5:colcon.colcon_core.verb:set package 'stage_ros2' build argument 'cmake_clean_first' from command line to 'False'
[1.436s] Level 5:colcon.colcon_core.verb:set package 'stage_ros2' build argument 'cmake_force_configure' from command line to 'False'
[1.436s] Level 5:colcon.colcon_core.verb:set package 'stage_ros2' build argument 'ament_cmake_args' from command line to 'None'
[1.436s] Level 5:colcon.colcon_core.verb:set package 'stage_ros2' build argument 'catkin_cmake_args' from command line to 'None'
[1.436s] Level 5:colcon.colcon_core.verb:set package 'stage_ros2' build argument 'catkin_skip_building_tests' from command line to 'False'
[1.436s] DEBUG:colcon.colcon_core.verb:Building package 'stage_ros2' with the following arguments: {'ament_cmake_args': None, 'build_base': '/home/vboxuser/Downloads/trabalho_stage_ros2/build/stage_ros2', 'catkin_cmake_args': None, 'catkin_skip_building_tests': False, 'cmake_args': None, 'cmake_clean_cache': False, 'cmake_clean_first': False, 'cmake_force_configure': False, 'cmake_target': None, 'cmake_target_skip_unavailable': False, 'install_base': '/home/vboxuser/Downloads/trabalho_stage_ros2/install/stage_ros2', 'merge_install': False, 'path': '/home/vboxuser/Downloads/trabalho_stage_ros2/src/stage_ros2', 'symlink_install': False, 'test_result_base': None}
[1.436s] INFO:colcon.colcon_core.executor:Executing jobs using 'parallel' executor
[1.439s] DEBUG:colcon.colcon_parallel_executor.executor.parallel:run_until_complete
[1.440s] INFO:colcon.colcon_ros.task.ament_python.build:Building ROS package in '/home/vboxuser/Downloads/trabalho_stage_ros2/src/my_py_pkg' with build type 'ament_python'
[1.440s] Level 1:colcon.colcon_core.shell:create_environment_hook('my_py_pkg', 'ament_prefix_path')
[1.445s] INFO:colcon.colcon_core.plugin_system:Skipping extension 'colcon_core.shell.bat': Not used on non-Windows systems
[1.447s] INFO:colcon.colcon_core.shell:Creating environment hook '/home/vboxuser/Downloads/trabalho_stage_ros2/install/my_py_pkg/share/my_py_pkg/hook/ament_prefix_path.ps1'
[1.450s] INFO:colcon.colcon_core.shell:Creating environment descriptor '/home/vboxuser/Downloads/trabalho_stage_ros2/install/my_py_pkg/share/my_py_pkg/hook/ament_prefix_path.dsv'
[1.452s] INFO:colcon.colcon_core.shell:Creating environment hook '/home/vboxuser/Downloads/trabalho_stage_ros2/install/my_py_pkg/share/my_py_pkg/hook/ament_prefix_path.sh'
[1.461s] INFO:colcon.colcon_core.shell:Skip shell extension 'powershell' for command environment: Not usable outside of PowerShell
[1.461s] DEBUG:colcon.colcon_core.shell:Skip shell extension 'dsv' for command environment
[2.902s] INFO:colcon.colcon_core.task.python.build:Building Python package in '/home/vboxuser/Downloads/trabalho_stage_ros2/src/my_py_pkg'
[2.903s] INFO:colcon.colcon_core.shell:Skip shell extension 'powershell' for command environment: Not usable outside of PowerShell
[2.903s] DEBUG:colcon.colcon_core.shell:Skip shell extension 'dsv' for command environment
[4.213s] DEBUG:colcon.colcon_core.event_handler.log_command:Invoking command in '/home/vboxuser/Downloads/trabalho_stage_ros2/src/my_py_pkg': PYTHONPATH=/home/vboxuser/Downloads/trabalho_stage_ros2/build/my_py_pkg/prefix_override:/usr/lib/python3/dist-packages/colcon_core/task/python/colcon_distutils_commands:/home/vboxuser/Downloads/trabalho_stage_ros2/install/my_py_pkg/lib/python3.10/site-packages:${PYTHONPATH} /usr/bin/python3 -W ignore:setup.py install is deprecated -W ignore:easy_install command is deprecated setup.py egg_info --egg-base ../../build/my_py_pkg build --build-base /home/vboxuser/Downloads/trabalho_stage_ros2/build/my_py_pkg/build install --record /home/vboxuser/Downloads/trabalho_stage_ros2/build/my_py_pkg/install.log --single-version-externally-managed install_data
[5.451s] Level 1:colcon.colcon_core.environment:checking '/home/vboxuser/Downloads/trabalho_stage_ros2/install/my_py_pkg' for CMake module files
[5.452s] DEBUG:colcon.colcon_core.event_handler.log_command:Invoked command in '/home/vboxuser/Downloads/trabalho_stage_ros2/src/my_py_pkg' returned '0': PYTHONPATH=/home/vboxuser/Downloads/trabalho_stage_ros2/build/my_py_pkg/prefix_override:/usr/lib/python3/dist-packages/colcon_core/task/python/colcon_distutils_commands:/home/vboxuser/Downloads/trabalho_stage_ros2/install/my_py_pkg/lib/python3.10/site-packages:${PYTHONPATH} /usr/bin/python3 -W ignore:setup.py install is deprecated -W ignore:easy_install command is deprecated setup.py egg_info --egg-base ../../build/my_py_pkg build --build-base /home/vboxuser/Downloads/trabalho_stage_ros2/build/my_py_pkg/build install --record /home/vboxuser/Downloads/trabalho_stage_ros2/build/my_py_pkg/install.log --single-version-externally-managed install_data
[5.454s] Level 1:colcon.colcon_core.environment:checking '/home/vboxuser/Downloads/trabalho_stage_ros2/install/my_py_pkg' for CMake config files
[5.455s] Level 1:colcon.colcon_core.environment:checking '/home/vboxuser/Downloads/trabalho_stage_ros2/install/my_py_pkg/lib'
[5.456s] Level 1:colcon.colcon_core.environment:checking '/home/vboxuser/Downloads/trabalho_stage_ros2/install/my_py_pkg/bin'
[5.456s] Level 1:colcon.colcon_core.environment:checking '/home/vboxuser/Downloads/trabalho_stage_ros2/install/my_py_pkg/lib/pkgconfig/my_py_pkg.pc'
[5.457s] Level 1:colcon.colcon_core.environment:checking '/home/vboxuser/Downloads/trabalho_stage_ros2/install/my_py_pkg/lib/python3.10/site-packages'
[5.457s] Level 1:colcon.colcon_core.shell:create_environment_hook('my_py_pkg', 'pythonpath')
[5.458s] INFO:colcon.colcon_core.shell:Creating environment hook '/home/vboxuser/Downloads/trabalho_stage_ros2/install/my_py_pkg/share/my_py_pkg/hook/pythonpath.ps1'
[5.463s] INFO:colcon.colcon_core.shell:Creating environment descriptor '/home/vboxuser/Downloads/trabalho_stage_ros2/install/my_py_pkg/share/my_py_pkg/hook/pythonpath.dsv'
[5.465s] INFO:colcon.colcon_core.shell:Creating environment hook '/home/vboxuser/Downloads/trabalho_stage_ros2/install/my_py_pkg/share/my_py_pkg/hook/pythonpath.sh'
[5.468s] Level 1:colcon.colcon_core.environment:checking '/home/vboxuser/Downloads/trabalho_stage_ros2/install/my_py_pkg/bin'
[5.468s] Level 1:colcon.colcon_core.environment:create_environment_scripts_only(my_py_pkg)
[5.469s] INFO:colcon.colcon_core.shell:Creating package script '/home/vboxuser/Downloads/trabalho_stage_ros2/install/my_py_pkg/share/my_py_pkg/package.ps1'
[5.472s] INFO:colcon.colcon_core.shell:Creating package descriptor '/home/vboxuser/Downloads/trabalho_stage_ros2/install/my_py_pkg/share/my_py_pkg/package.dsv'
[5.474s] INFO:colcon.colcon_core.shell:Creating package script '/home/vboxuser/Downloads/trabalho_stage_ros2/install/my_py_pkg/share/my_py_pkg/package.sh'
[5.478s] INFO:colcon.colcon_core.shell:Creating package script '/home/vboxuser/Downloads/trabalho_stage_ros2/install/my_py_pkg/share/my_py_pkg/package.bash'
[5.480s] INFO:colcon.colcon_core.shell:Creating package script '/home/vboxuser/Downloads/trabalho_stage_ros2/install/my_py_pkg/share/my_py_pkg/package.zsh'
[5.483s] Level 1:colcon.colcon_core.environment:create_file_with_runtime_dependencies(/home/vboxuser/Downloads/trabalho_stage_ros2/install/my_py_pkg/share/colcon-core/packages/my_py_pkg)
[5.484s] INFO:colcon.colcon_ros.task.catkin.build:Building ROS package in '/home/vboxuser/Downloads/trabalho_stage_ros2/src/Stage' with build type 'catkin'
[5.485s] INFO:colcon.colcon_cmake.task.cmake.build:Building CMake package in '/home/vboxuser/Downloads/trabalho_stage_ros2/src/Stage'
[5.486s] INFO:colcon.colcon_core.shell:Skip shell extension 'powershell' for command environment: Not usable outside of PowerShell
[5.486s] DEBUG:colcon.colcon_core.shell:Skip shell extension 'dsv' for command environment
[5.526s] DEBUG:colcon.colcon_core.event_handler.log_command:Invoking command in '/home/vboxuser/Downloads/trabalho_stage_ros2/build/stage': /usr/bin/cmake --build /home/vboxuser/Downloads/trabalho_stage_ros2/build/stage -- -j1 -l1
[6.721s] DEBUG:colcon.colcon_core.event_handler.log_command:Invoked command in '/home/vboxuser/Downloads/trabalho_stage_ros2/build/stage' returned '0': /usr/bin/cmake --build /home/vboxuser/Downloads/trabalho_stage_ros2/build/stage -- -j1 -l1
[6.745s] DEBUG:colcon.colcon_core.event_handler.log_command:Invoking command in '/home/vboxuser/Downloads/trabalho_stage_ros2/build/stage': /usr/bin/cmake --install /home/vboxuser/Downloads/trabalho_stage_ros2/build/stage
[6.834s] Level 1:colcon.colcon_core.shell:create_environment_hook('stage', 'ros_package_path')
[6.835s] INFO:colcon.colcon_core.shell:Creating environment hook '/home/vboxuser/Downloads/trabalho_stage_ros2/install/stage/share/stage/hook/ros_package_path.ps1'
[6.837s] INFO:colcon.colcon_core.shell:Creating environment descriptor '/home/vboxuser/Downloads/trabalho_stage_ros2/install/stage/share/stage/hook/ros_package_path.dsv'
[6.839s] DEBUG:colcon.colcon_core.event_handler.log_command:Invoked command in '/home/vboxuser/Downloads/trabalho_stage_ros2/build/stage' returned '0': /usr/bin/cmake --install /home/vboxuser/Downloads/trabalho_stage_ros2/build/stage
[6.842s] INFO:colcon.colcon_core.shell:Creating environment hook '/home/vboxuser/Downloads/trabalho_stage_ros2/install/stage/share/stage/hook/ros_package_path.sh'
[6.844s] Level 1:colcon.colcon_core.shell:create_environment_hook('stage', 'pkg_config_path')
[6.845s] INFO:colcon.colcon_core.shell:Creating environment hook '/home/vboxuser/Downloads/trabalho_stage_ros2/install/stage/share/stage/hook/pkg_config_path.ps1'
[6.846s] INFO:colcon.colcon_core.shell:Creating environment descriptor '/home/vboxuser/Downloads/trabalho_stage_ros2/install/stage/share/stage/hook/pkg_config_path.dsv'
[6.847s] INFO:colcon.colcon_core.shell:Creating environment hook '/home/vboxuser/Downloads/trabalho_stage_ros2/install/stage/share/stage/hook/pkg_config_path.sh'
[6.852s] Level 1:colcon.colcon_core.shell:create_environment_hook('stage', 'pkg_config_path_multiarch')
[6.853s] INFO:colcon.colcon_core.shell:Creating environment hook '/home/vboxuser/Downloads/trabalho_stage_ros2/install/stage/share/stage/hook/pkg_config_path_multiarch.ps1'
[6.854s] INFO:colcon.colcon_core.shell:Creating environment descriptor '/home/vboxuser/Downloads/trabalho_stage_ros2/install/stage/share/stage/hook/pkg_config_path_multiarch.dsv'
[6.855s] INFO:colcon.colcon_core.shell:Creating environment hook '/home/vboxuser/Downloads/trabalho_stage_ros2/install/stage/share/stage/hook/pkg_config_path_multiarch.sh'
[6.868s] Level 1:colcon.colcon_core.environment:create_environment_scripts_only(stage)
[6.875s] Level 1:colcon.colcon_core.environment:checking '/home/vboxuser/Downloads/trabalho_stage_ros2/install/stage' for CMake module files
[6.876s] Level 1:colcon.colcon_core.environment:checking '/home/vboxuser/Downloads/trabalho_stage_ros2/install/stage' for CMake config files
[6.878s] Level 1:colcon.colcon_core.shell:create_environment_hook('stage', 'cmake_prefix_path')
[6.879s] INFO:colcon.colcon_core.shell:Creating environment hook '/home/vboxuser/Downloads/trabalho_stage_ros2/install/stage/share/stage/hook/cmake_prefix_path.ps1'
[6.880s] INFO:colcon.colcon_core.shell:Creating environment descriptor '/home/vboxuser/Downloads/trabalho_stage_ros2/install/stage/share/stage/hook/cmake_prefix_path.dsv'
[6.881s] INFO:colcon.colcon_core.shell:Creating environment hook '/home/vboxuser/Downloads/trabalho_stage_ros2/install/stage/share/stage/hook/cmake_prefix_path.sh'
[6.883s] Level 1:colcon.colcon_core.environment:checking '/home/vboxuser/Downloads/trabalho_stage_ros2/install/stage/lib'
[6.883s] Level 1:colcon.colcon_core.shell:create_environment_hook('stage', 'ld_library_path_lib')
[6.884s] INFO:colcon.colcon_core.shell:Creating environment hook '/home/vboxuser/Downloads/trabalho_stage_ros2/install/stage/share/stage/hook/ld_library_path_lib.ps1'
[6.888s] INFO:colcon.colcon_core.shell:Creating environment descriptor '/home/vboxuser/Downloads/trabalho_stage_ros2/install/stage/share/stage/hook/ld_library_path_lib.dsv'
[6.889s] INFO:colcon.colcon_core.shell:Creating environment hook '/home/vboxuser/Downloads/trabalho_stage_ros2/install/stage/share/stage/hook/ld_library_path_lib.sh'
[6.890s] Level 1:colcon.colcon_core.environment:checking '/home/vboxuser/Downloads/trabalho_stage_ros2/install/stage/bin'
[6.891s] Level 1:colcon.colcon_core.shell:create_environment_hook('stage', 'path')
[6.892s] INFO:colcon.colcon_core.shell:Creating environment hook '/home/vboxuser/Downloads/trabalho_stage_ros2/install/stage/share/stage/hook/path.ps1'
[6.893s] INFO:colcon.colcon_core.shell:Creating environment descriptor '/home/vboxuser/Downloads/trabalho_stage_ros2/install/stage/share/stage/hook/path.dsv'
[6.894s] INFO:colcon.colcon_core.shell:Creating environment hook '/home/vboxuser/Downloads/trabalho_stage_ros2/install/stage/share/stage/hook/path.sh'
[6.896s] Level 1:colcon.colcon_core.environment:checking '/home/vboxuser/Downloads/trabalho_stage_ros2/install/stage/lib/pkgconfig/stage.pc'
[6.896s] Level 1:colcon.colcon_core.shell:create_environment_hook('stage', 'pkg_config')
[6.897s] INFO:colcon.colcon_core.shell:Creating environment hook '/home/vboxuser/Downloads/trabalho_stage_ros2/install/stage/share/stage/hook/pkg_config.ps1'
[6.900s] INFO:colcon.colcon_core.shell:Creating environment descriptor '/home/vboxuser/Downloads/trabalho_stage_ros2/install/stage/share/stage/hook/pkg_config.dsv'
[6.903s] INFO:colcon.colcon_core.shell:Creating environment hook '/home/vboxuser/Downloads/trabalho_stage_ros2/install/stage/share/stage/hook/pkg_config.sh'
[6.908s] Level 1:colcon.colcon_core.environment:checking '/home/vboxuser/Downloads/trabalho_stage_ros2/install/stage/lib/python3.10/site-packages'
[6.909s] Level 1:colcon.colcon_core.environment:checking '/home/vboxuser/Downloads/trabalho_stage_ros2/install/stage/bin'
[6.910s] Level 1:colcon.colcon_core.shell:create_environment_hook('stage', 'pythonscriptspath')
[6.912s] INFO:colcon.colcon_core.shell:Creating environment hook '/home/vboxuser/Downloads/trabalho_stage_ros2/install/stage/share/stage/hook/pythonscriptspath.ps1'
[6.915s] INFO:colcon.colcon_core.shell:Creating environment descriptor '/home/vboxuser/Downloads/trabalho_stage_ros2/install/stage/share/stage/hook/pythonscriptspath.dsv'
[6.917s] INFO:colcon.colcon_core.shell:Creating environment hook '/home/vboxuser/Downloads/trabalho_stage_ros2/install/stage/share/stage/hook/pythonscriptspath.sh'
[6.925s] INFO:colcon.colcon_core.shell:Creating package script '/home/vboxuser/Downloads/trabalho_stage_ros2/install/stage/share/stage/package.ps1'
[6.929s] INFO:colcon.colcon_core.shell:Creating package descriptor '/home/vboxuser/Downloads/trabalho_stage_ros2/install/stage/share/stage/package.dsv'
[6.932s] INFO:colcon.colcon_core.shell:Creating package script '/home/vboxuser/Downloads/trabalho_stage_ros2/install/stage/share/stage/package.sh'
[6.934s] INFO:colcon.colcon_core.shell:Creating package script '/home/vboxuser/Downloads/trabalho_stage_ros2/install/stage/share/stage/package.bash'
[6.935s] INFO:colcon.colcon_core.shell:Creating package script '/home/vboxuser/Downloads/trabalho_stage_ros2/install/stage/share/stage/package.zsh'
[6.936s] Level 1:colcon.colcon_core.environment:create_file_with_runtime_dependencies(/home/vboxuser/Downloads/trabalho_stage_ros2/install/stage/share/colcon-core/packages/stage)
[6.948s] INFO:colcon.colcon_ros.task.ament_cmake.build:Building ROS package in '/home/vboxuser/Downloads/trabalho_stage_ros2/src/stage_ros2' with build type 'ament_cmake'
[6.949s] INFO:colcon.colcon_cmake.task.cmake.build:Building CMake package in '/home/vboxuser/Downloads/trabalho_stage_ros2/src/stage_ros2'
[6.950s] INFO:colcon.colcon_core.shell:Skip shell extension 'powershell' for command environment: Not usable outside of PowerShell
[6.950s] DEBUG:colcon.colcon_core.shell:Skip shell extension 'dsv' for command environment
[7.007s] DEBUG:colcon.colcon_core.event_handler.log_command:Invoking command in '/home/vboxuser/Downloads/trabalho_stage_ros2/build/stage_ros2': CMAKE_PREFIX_PATH=/home/vboxuser/Downloads/trabalho_stage_ros2/install/stage_ros2:/home/vboxuser/Downloads/trabalho_stage_ros2/install/my_py_pkg:/opt/ros/humble:/home/vboxuser/Downloads/trabalho_stage_ros2/install/stage /usr/bin/cmake --build /home/vboxuser/Downloads/trabalho_stage_ros2/build/stage_ros2 -- -j1 -l1
[7.387s] DEBUG:colcon.colcon_core.event_handler.log_command:Invoked command in '/home/vboxuser/Downloads/trabalho_stage_ros2/build/stage_ros2' returned '0': CMAKE_PREFIX_PATH=/home/vboxuser/Downloads/trabalho_stage_ros2/install/stage_ros2:/home/vboxuser/Downloads/trabalho_stage_ros2/install/my_py_pkg:/opt/ros/humble:/home/vboxuser/Downloads/trabalho_stage_ros2/install/stage /usr/bin/cmake --build /home/vboxuser/Downloads/trabalho_stage_ros2/build/stage_ros2 -- -j1 -l1
[7.389s] DEBUG:colcon.colcon_core.event_handler.log_command:Invoking command in '/home/vboxuser/Downloads/trabalho_stage_ros2/build/stage_ros2': CMAKE_PREFIX_PATH=/home/vboxuser/Downloads/trabalho_stage_ros2/install/stage_ros2:/home/vboxuser/Downloads/trabalho_stage_ros2/install/my_py_pkg:/opt/ros/humble:/home/vboxuser/Downloads/trabalho_stage_ros2/install/stage /usr/bin/cmake --install /home/vboxuser/Downloads/trabalho_stage_ros2/build/stage_ros2
[7.433s] Level 1:colcon.colcon_core.environment:create_environment_scripts_only(stage_ros2)
[7.434s] Level 1:colcon.colcon_core.environment:checking '/home/vboxuser/Downloads/trabalho_stage_ros2/install/stage_ros2' for CMake module files
[7.436s] Level 1:colcon.colcon_core.environment:checking '/home/vboxuser/Downloads/trabalho_stage_ros2/install/stage_ros2' for CMake config files
[7.437s] Level 1:colcon.colcon_core.shell:create_environment_hook('stage_ros2', 'cmake_prefix_path')
[7.437s] INFO:colcon.colcon_core.shell:Creating environment hook '/home/vboxuser/Downloads/trabalho_stage_ros2/install/stage_ros2/share/stage_ros2/hook/cmake_prefix_path.ps1'
[7.439s] INFO:colcon.colcon_core.shell:Creating environment descriptor '/home/vboxuser/Downloads/trabalho_stage_ros2/install/stage_ros2/share/stage_ros2/hook/cmake_prefix_path.dsv'
[7.441s] DEBUG:colcon.colcon_core.event_handler.log_command:Invoked command in '/home/vboxuser/Downloads/trabalho_stage_ros2/build/stage_ros2' returned '0': CMAKE_PREFIX_PATH=/home/vboxuser/Downloads/trabalho_stage_ros2/install/stage_ros2:/home/vboxuser/Downloads/trabalho_stage_ros2/install/my_py_pkg:/opt/ros/humble:/home/vboxuser/Downloads/trabalho_stage_ros2/install/stage /usr/bin/cmake --install /home/vboxuser/Downloads/trabalho_stage_ros2/build/stage_ros2
[7.443s] INFO:colcon.colcon_core.shell:Creating environment hook '/home/vboxuser/Downloads/trabalho_stage_ros2/install/stage_ros2/share/stage_ros2/hook/cmake_prefix_path.sh'
[7.445s] Level 1:colcon.colcon_core.environment:checking '/home/vboxuser/Downloads/trabalho_stage_ros2/install/stage_ros2/lib'
[7.445s] Level 1:colcon.colcon_core.shell:create_environment_hook('stage_ros2', 'ld_library_path_lib')
[7.446s] INFO:colcon.colcon_core.shell:Creating environment hook '/home/vboxuser/Downloads/trabalho_stage_ros2/install/stage_ros2/share/stage_ros2/hook/ld_library_path_lib.ps1'
[7.448s] INFO:colcon.colcon_core.shell:Creating environment descriptor '/home/vboxuser/Downloads/trabalho_stage_ros2/install/stage_ros2/share/stage_ros2/hook/ld_library_path_lib.dsv'
[7.449s] INFO:colcon.colcon_core.shell:Creating environment hook '/home/vboxuser/Downloads/trabalho_stage_ros2/install/stage_ros2/share/stage_ros2/hook/ld_library_path_lib.sh'
[7.450s] Level 1:colcon.colcon_core.environment:checking '/home/vboxuser/Downloads/trabalho_stage_ros2/install/stage_ros2/bin'
[7.451s] Level 1:colcon.colcon_core.environment:checking '/home/vboxuser/Downloads/trabalho_stage_ros2/install/stage_ros2/lib/pkgconfig/stage_ros2.pc'
[7.451s] Level 1:colcon.colcon_core.environment:checking '/home/vboxuser/Downloads/trabalho_stage_ros2/install/stage_ros2/lib/python3.10/site-packages'
[7.453s] Level 1:colcon.colcon_core.environment:checking '/home/vboxuser/Downloads/trabalho_stage_ros2/install/stage_ros2/bin'
[7.454s] INFO:colcon.colcon_core.shell:Creating package script '/home/vboxuser/Downloads/trabalho_stage_ros2/install/stage_ros2/share/stage_ros2/package.ps1'
[7.455s] INFO:colcon.colcon_core.shell:Creating package descriptor '/home/vboxuser/Downloads/trabalho_stage_ros2/install/stage_ros2/share/stage_ros2/package.dsv'
[7.458s] INFO:colcon.colcon_core.shell:Creating package script '/home/vboxuser/Downloads/trabalho_stage_ros2/install/stage_ros2/share/stage_ros2/package.sh'
[7.459s] INFO:colcon.colcon_core.shell:Creating package script '/home/vboxuser/Downloads/trabalho_stage_ros2/install/stage_ros2/share/stage_ros2/package.bash'
[7.461s] INFO:colcon.colcon_core.shell:Creating package script '/home/vboxuser/Downloads/trabalho_stage_ros2/install/stage_ros2/share/stage_ros2/package.zsh'
[7.462s] Level 1:colcon.colcon_core.environment:create_file_with_runtime_dependencies(/home/vboxuser/Downloads/trabalho_stage_ros2/install/stage_ros2/share/colcon-core/packages/stage_ros2)
[7.465s] Level 1:colcon.colcon_core.environment:create_environment_scripts_only(stage_ros2)
[7.465s] Level 1:colcon.colcon_core.environment:checking '/home/vboxuser/Downloads/trabalho_stage_ros2/install/stage_ros2' for CMake module files
[7.467s] Level 1:colcon.colcon_core.environment:checking '/home/vboxuser/Downloads/trabalho_stage_ros2/install/stage_ros2' for CMake config files
[7.468s] Level 1:colcon.colcon_core.shell:create_environment_hook('stage_ros2', 'cmake_prefix_path')
[7.469s] INFO:colcon.colcon_core.shell:Creating environment hook '/home/vboxuser/Downloads/trabalho_stage_ros2/install/stage_ros2/share/stage_ros2/hook/cmake_prefix_path.ps1'
[7.470s] INFO:colcon.colcon_core.shell:Creating environment descriptor '/home/vboxuser/Downloads/trabalho_stage_ros2/install/stage_ros2/share/stage_ros2/hook/cmake_prefix_path.dsv'
[7.471s] INFO:colcon.colcon_core.shell:Creating environment hook '/home/vboxuser/Downloads/trabalho_stage_ros2/install/stage_ros2/share/stage_ros2/hook/cmake_prefix_path.sh'
[7.474s] Level 1:colcon.colcon_core.environment:checking '/home/vboxuser/Downloads/trabalho_stage_ros2/install/stage_ros2/lib'
[7.474s] Level 1:colcon.colcon_core.shell:create_environment_hook('stage_ros2', 'ld_library_path_lib')
[7.475s] INFO:colcon.colcon_core.shell:Creating environment hook '/home/vboxuser/Downloads/trabalho_stage_ros2/install/stage_ros2/share/stage_ros2/hook/ld_library_path_lib.ps1'
[7.477s] INFO:colcon.colcon_core.shell:Creating environment descriptor '/home/vboxuser/Downloads/trabalho_stage_ros2/install/stage_ros2/share/stage_ros2/hook/ld_library_path_lib.dsv'
[7.478s] INFO:colcon.colcon_core.shell:Creating environment hook '/home/vboxuser/Downloads/trabalho_stage_ros2/install/stage_ros2/share/stage_ros2/hook/ld_library_path_lib.sh'
[7.479s] Level 1:colcon.colcon_core.environment:checking '/home/vboxuser/Downloads/trabalho_stage_ros2/install/stage_ros2/bin'
[7.480s] Level 1:colcon.colcon_core.environment:checking '/home/vboxuser/Downloads/trabalho_stage_ros2/install/stage_ros2/lib/pkgconfig/stage_ros2.pc'
[7.480s] Level 1:colcon.colcon_core.environment:checking '/home/vboxuser/Downloads/trabalho_stage_ros2/install/stage_ros2/lib/python3.10/site-packages'
[7.481s] Level 1:colcon.colcon_core.environment:checking '/home/vboxuser/Downloads/trabalho_stage_ros2/install/stage_ros2/bin'
[7.482s] INFO:colcon.colcon_core.shell:Creating package script '/home/vboxuser/Downloads/trabalho_stage_ros2/install/stage_ros2/share/stage_ros2/package.ps1'
[7.484s] INFO:colcon.colcon_core.shell:Creating package descriptor '/home/vboxuser/Downloads/trabalho_stage_ros2/install/stage_ros2/share/stage_ros2/package.dsv'
[7.486s] INFO:colcon.colcon_core.shell:Creating package script '/home/vboxuser/Downloads/trabalho_stage_ros2/install/stage_ros2/share/stage_ros2/package.sh'
[7.487s] INFO:colcon.colcon_core.shell:Creating package script '/home/vboxuser/Downloads/trabalho_stage_ros2/install/stage_ros2/share/stage_ros2/package.bash'
[7.490s] INFO:colcon.colcon_core.shell:Creating package script '/home/vboxuser/Downloads/trabalho_stage_ros2/install/stage_ros2/share/stage_ros2/package.zsh'
[7.492s] Level 1:colcon.colcon_core.environment:create_file_with_runtime_dependencies(/home/vboxuser/Downloads/trabalho_stage_ros2/install/stage_ros2/share/colcon-core/packages/stage_ros2)
[7.493s] DEBUG:colcon.colcon_parallel_executor.executor.parallel:closing loop
[7.495s] DEBUG:colcon.colcon_parallel_executor.executor.parallel:loop closed
[7.495s] DEBUG:colcon.colcon_parallel_executor.executor.parallel:run_until_complete finished with '0'
[7.495s] DEBUG:colcon.colcon_core.event_reactor:joining thread
[7.508s] INFO:colcon.colcon_core.plugin_system:Skipping extension 'colcon_notification.desktop_notification.terminal_notifier': Not used on non-Darwin systems
[7.510s] INFO:colcon.colcon_core.plugin_system:Skipping extension 'colcon_notification.desktop_notification.win32': Not used on non-Windows systems
[7.510s] INFO:colcon.colcon_notification.desktop_notification:Sending desktop notification using 'notify2'
[7.569s] DEBUG:colcon.colcon_core.event_reactor:joined thread
[7.570s] INFO:colcon.colcon_core.shell:Creating prefix script '/home/vboxuser/Downloads/trabalho_stage_ros2/install/local_setup.ps1'
[7.573s] INFO:colcon.colcon_core.shell:Creating prefix util module '/home/vboxuser/Downloads/trabalho_stage_ros2/install/_local_setup_util_ps1.py'
[7.593s] INFO:colcon.colcon_core.shell:Creating prefix chain script '/home/vboxuser/Downloads/trabalho_stage_ros2/install/setup.ps1'
[7.607s] INFO:colcon.colcon_core.shell:Creating prefix script '/home/vboxuser/Downloads/trabalho_stage_ros2/install/local_setup.sh'
[7.609s] INFO:colcon.colcon_core.shell:Creating prefix util module '/home/vboxuser/Downloads/trabalho_stage_ros2/install/_local_setup_util_sh.py'
[7.611s] INFO:colcon.colcon_core.shell:Creating prefix chain script '/home/vboxuser/Downloads/trabalho_stage_ros2/install/setup.sh'
[7.615s] INFO:colcon.colcon_core.shell:Creating prefix script '/home/vboxuser/Downloads/trabalho_stage_ros2/install/local_setup.bash'
[7.617s] INFO:colcon.colcon_core.shell:Creating prefix chain script '/home/vboxuser/Downloads/trabalho_stage_ros2/install/setup.bash'
[7.620s] INFO:colcon.colcon_core.shell:Creating prefix script '/home/vboxuser/Downloads/trabalho_stage_ros2/install/local_setup.zsh'
[7.638s] INFO:colcon.colcon_core.shell:Creating prefix chain script '/home/vboxuser/Downloads/trabalho_stage_ros2/install/setup.zsh'
