[0.055s] Invoking command in '/home/vboxuser/Downloads/trabalho_stage_ros2/build/stage': /usr/bin/cmake --build /home/vboxuser/Downloads/trabalho_stage_ros2/build/stage -- -j1 -l1
[0.285s] [35m[1mConsolidate compiler generated dependencies of target stage[0m
[0.438s] [ 57%] Built target stage
[0.465s] [35m[1mConsolidate compiler generated dependencies of target stagebinary[0m
[0.522s] [ 61%] Built target stagebinary
[0.542s] [35m[1mConsolidate compiler generated dependencies of target fasr[0m
[0.600s] [ 64%] Built target fasr
[0.636s] [35m[1mConsolidate compiler generated dependencies of target sink[0m
[0.671s] [ 67%] Built target sink
[0.713s] [35m[1mConsolidate compiler generated dependencies of target source[0m
[0.749s] [ 71%] Built target source
[0.778s] [35m[1mConsolidate compiler generated dependencies of target wander[0m
[0.835s] [ 74%] Built target wander
[0.874s] [35m[1mConsolidate compiler generated dependencies of target pioneer_flocking[0m
[0.923s] [ 77%] Built target pioneer_flocking
[0.953s] [35m[1mConsolidate compiler generated dependencies of target rasterize[0m
[1.002s] [ 81%] Built target rasterize
[1.042s] [35m[1mConsolidate compiler generated dependencies of target lasernoise[0m
[1.073s] [ 84%] Built target lasernoise
[1.102s] [35m[1mConsolidate compiler generated dependencies of target dynamic[0m
[1.157s] [ 88%] Built target dynamic
[1.187s] [35m[1mConsolidate compiler generated dependencies of target fasr2[0m
[1.240s] [ 93%] Built target fasr2
[1.273s] [35m[1mConsolidate compiler generated dependencies of target expand_swarm[0m
[1.306s] [ 96%] Built target expand_swarm
[1.352s] [35m[1mConsolidate compiler generated dependencies of target expand_pioneer[0m
[1.387s] [100%] Built target expand_pioneer
[1.432s] Invoked command in '/home/vboxuser/Downloads/trabalho_stage_ros2/build/stage' returned '0': /usr/bin/cmake --build /home/vboxuser/Downloads/trabalho_stage_ros2/build/stage -- -j1 -l1
[1.458s] Invoking command in '/home/vboxuser/Downloads/trabalho_stage_ros2/build/stage': /usr/bin/cmake --install /home/vboxuser/Downloads/trabalho_stage_ros2/build/stage
[1.485s] -- Install configuration: "RELEASE"
[1.486s] -- Up-to-date: /home/vboxuser/Downloads/trabalho_stage_ros2/install/stage/lib/pkgconfig/stage.pc
[1.486s] -- Up-to-date: /home/vboxuser/Downloads/trabalho_stage_ros2/install/stage/lib/cmake/Stage/stage-config.cmake
[1.487s] -- Up-to-date: /home/vboxuser/Downloads/trabalho_stage_ros2/install/stage/lib/cmake/Stage/stage-config-version.cmake
[1.488s] -- Up-to-date: /home/vboxuser/Downloads/trabalho_stage_ros2/install/stage/bin/stage
[1.490s] -- Up-to-date: /home/vboxuser/Downloads/trabalho_stage_ros2/install/stage/lib/libstage.so.4.3.0
[1.492s] -- Up-to-date: /home/vboxuser/Downloads/trabalho_stage_ros2/install/stage/lib/libstage.so
[1.492s] -- Up-to-date: /home/vboxuser/Downloads/trabalho_stage_ros2/install/stage/include/Stage-4.3/stage.hh
[1.493s] -- Up-to-date: /home/vboxuser/Downloads/trabalho_stage_ros2/install/stage/lib/Stage-4.3/fasr.so
[1.494s] -- Up-to-date: /home/vboxuser/Downloads/trabalho_stage_ros2/install/stage/lib/Stage-4.3/sink.so
[1.495s] -- Up-to-date: /home/vboxuser/Downloads/trabalho_stage_ros2/install/stage/lib/Stage-4.3/source.so
[1.496s] -- Up-to-date: /home/vboxuser/Downloads/trabalho_stage_ros2/install/stage/lib/Stage-4.3/wander.so
[1.501s] -- Up-to-date: /home/vboxuser/Downloads/trabalho_stage_ros2/install/stage/lib/Stage-4.3/pioneer_flocking.so
[1.501s] -- Up-to-date: /home/vboxuser/Downloads/trabalho_stage_ros2/install/stage/lib/Stage-4.3/rasterize.so
[1.502s] -- Up-to-date: /home/vboxuser/Downloads/trabalho_stage_ros2/install/stage/lib/Stage-4.3/lasernoise.so
[1.504s] -- Up-to-date: /home/vboxuser/Downloads/trabalho_stage_ros2/install/stage/lib/Stage-4.3/dynamic.so
[1.505s] -- Up-to-date: /home/vboxuser/Downloads/trabalho_stage_ros2/install/stage/lib/Stage-4.3/fasr2.so
[1.506s] -- Up-to-date: /home/vboxuser/Downloads/trabalho_stage_ros2/install/stage/share/stage/assets/blue.png
[1.507s] -- Up-to-date: /home/vboxuser/Downloads/trabalho_stage_ros2/install/stage/share/stage/assets/death.png
[1.507s] -- Up-to-date: /home/vboxuser/Downloads/trabalho_stage_ros2/install/stage/share/stage/assets/green.png
[1.508s] -- Up-to-date: /home/vboxuser/Downloads/trabalho_stage_ros2/install/stage/share/stage/assets/logo.png
[1.508s] -- Up-to-date: /home/vboxuser/Downloads/trabalho_stage_ros2/install/stage/share/stage/assets/mains.png
[1.508s] -- Up-to-date: /home/vboxuser/Downloads/trabalho_stage_ros2/install/stage/share/stage/assets/mainspower.png
[1.509s] -- Up-to-date: /home/vboxuser/Downloads/trabalho_stage_ros2/install/stage/share/stage/assets/question_mark.png
[1.509s] -- Up-to-date: /home/vboxuser/Downloads/trabalho_stage_ros2/install/stage/share/stage/assets/red.png
[1.510s] -- Up-to-date: /home/vboxuser/Downloads/trabalho_stage_ros2/install/stage/share/stage/assets/stagelogo.png
[1.510s] -- Up-to-date: /home/vboxuser/Downloads/trabalho_stage_ros2/install/stage/share/stage/assets/stall-old.png
[1.510s] -- Up-to-date: /home/vboxuser/Downloads/trabalho_stage_ros2/install/stage/share/stage/assets/stall.png
[1.511s] -- Up-to-date: /home/vboxuser/Downloads/trabalho_stage_ros2/install/stage/share/stage/assets/rgb.txt
[1.511s] -- Up-to-date: /home/vboxuser/Downloads/trabalho_stage_ros2/install/stage/share/stage/rgb.txt
[1.513s] -- Up-to-date: /home/vboxuser/Downloads/trabalho_stage_ros2/install/stage/share/stage/worlds/amcl-sonar.cfg
[1.513s] -- Up-to-date: /home/vboxuser/Downloads/trabalho_stage_ros2/install/stage/share/stage/worlds/autolab.cfg
[1.515s] -- Up-to-date: /home/vboxuser/Downloads/trabalho_stage_ros2/install/stage/share/stage/worlds/camera.cfg
[1.516s] -- Up-to-date: /home/vboxuser/Downloads/trabalho_stage_ros2/install/stage/share/stage/worlds/everything.cfg
[1.516s] -- Up-to-date: /home/vboxuser/Downloads/trabalho_stage_ros2/install/stage/share/stage/worlds/lsp_test.cfg
[1.516s] -- Up-to-date: /home/vboxuser/Downloads/trabalho_stage_ros2/install/stage/share/stage/worlds/mbicp.cfg
[1.517s] -- Up-to-date: /home/vboxuser/Downloads/trabalho_stage_ros2/install/stage/share/stage/worlds/nd.cfg
[1.517s] -- Up-to-date: /home/vboxuser/Downloads/trabalho_stage_ros2/install/stage/share/stage/worlds/roomba.cfg
[1.518s] -- Up-to-date: /home/vboxuser/Downloads/trabalho_stage_ros2/install/stage/share/stage/worlds/simple.cfg
[1.518s] -- Up-to-date: /home/vboxuser/Downloads/trabalho_stage_ros2/install/stage/share/stage/worlds/test.cfg
[1.518s] -- Up-to-date: /home/vboxuser/Downloads/trabalho_stage_ros2/install/stage/share/stage/worlds/uoa_robotics_lab.cfg
[1.519s] -- Up-to-date: /home/vboxuser/Downloads/trabalho_stage_ros2/install/stage/share/stage/worlds/vfh.cfg
[1.519s] -- Up-to-date: /home/vboxuser/Downloads/trabalho_stage_ros2/install/stage/share/stage/worlds/wavefront-remote.cfg
[1.520s] -- Up-to-date: /home/vboxuser/Downloads/trabalho_stage_ros2/install/stage/share/stage/worlds/wavefront.cfg
[1.520s] -- Up-to-date: /home/vboxuser/Downloads/trabalho_stage_ros2/install/stage/share/stage/worlds/wifi.cfg
[1.520s] -- Up-to-date: /home/vboxuser/Downloads/trabalho_stage_ros2/install/stage/share/stage/worlds/SFU.world
[1.521s] -- Up-to-date: /home/vboxuser/Downloads/trabalho_stage_ros2/install/stage/share/stage/worlds/autolab.world
[1.521s] -- Up-to-date: /home/vboxuser/Downloads/trabalho_stage_ros2/install/stage/share/stage/worlds/camera.world
[1.521s] -- Up-to-date: /home/vboxuser/Downloads/trabalho_stage_ros2/install/stage/share/stage/worlds/circuit.world
[1.522s] -- Up-to-date: /home/vboxuser/Downloads/trabalho_stage_ros2/install/stage/share/stage/worlds/everything.world
[1.522s] -- Up-to-date: /home/vboxuser/Downloads/trabalho_stage_ros2/install/stage/share/stage/worlds/fasr.world
[1.523s] -- Up-to-date: /home/vboxuser/Downloads/trabalho_stage_ros2/install/stage/share/stage/worlds/fasr2.world
[1.523s] -- Up-to-date: /home/vboxuser/Downloads/trabalho_stage_ros2/install/stage/share/stage/worlds/fasr_plan.world
[1.523s] -- Up-to-date: /home/vboxuser/Downloads/trabalho_stage_ros2/install/stage/share/stage/worlds/large.world
[1.524s] -- Up-to-date: /home/vboxuser/Downloads/trabalho_stage_ros2/install/stage/share/stage/worlds/lsp_test.world
[1.524s] -- Up-to-date: /home/vboxuser/Downloads/trabalho_stage_ros2/install/stage/share/stage/worlds/mbicp.world
[1.524s] -- Up-to-date: /home/vboxuser/Downloads/trabalho_stage_ros2/install/stage/share/stage/worlds/pioneer_flocking.world
[1.525s] -- Up-to-date: /home/vboxuser/Downloads/trabalho_stage_ros2/install/stage/share/stage/worlds/pioneer_follow.world
[1.525s] -- Up-to-date: /home/vboxuser/Downloads/trabalho_stage_ros2/install/stage/share/stage/worlds/pioneer_walle.world
[1.526s] -- Up-to-date: /home/vboxuser/Downloads/trabalho_stage_ros2/install/stage/share/stage/worlds/roomba.world
[1.526s] -- Up-to-date: /home/vboxuser/Downloads/trabalho_stage_ros2/install/stage/share/stage/worlds/sensor_noise_demo.world
[1.527s] -- Up-to-date: /home/vboxuser/Downloads/trabalho_stage_ros2/install/stage/share/stage/worlds/sensor_noise_module_demo.world
[1.535s] -- Up-to-date: /home/vboxuser/Downloads/trabalho_stage_ros2/install/stage/share/stage/worlds/simple.world
[1.535s] -- Up-to-date: /home/vboxuser/Downloads/trabalho_stage_ros2/install/stage/share/stage/worlds/uoa_robotics_lab.world
[1.536s] -- Up-to-date: /home/vboxuser/Downloads/trabalho_stage_ros2/install/stage/share/stage/worlds/wifi.world
[1.536s] -- Up-to-date: /home/vboxuser/Downloads/trabalho_stage_ros2/install/stage/share/stage/worlds/beacons.inc
[1.536s] -- Up-to-date: /home/vboxuser/Downloads/trabalho_stage_ros2/install/stage/share/stage/worlds/chatterbox.inc
[1.536s] -- Up-to-date: /home/vboxuser/Downloads/trabalho_stage_ros2/install/stage/share/stage/worlds/hokuyo.inc
[1.536s] -- Up-to-date: /home/vboxuser/Downloads/trabalho_stage_ros2/install/stage/share/stage/worlds/irobot.inc
[1.537s] -- Up-to-date: /home/vboxuser/Downloads/trabalho_stage_ros2/install/stage/share/stage/worlds/map.inc
[1.537s] -- Up-to-date: /home/vboxuser/Downloads/trabalho_stage_ros2/install/stage/share/stage/worlds/objects.inc
[1.537s] -- Up-to-date: /home/vboxuser/Downloads/trabalho_stage_ros2/install/stage/share/stage/worlds/pantilt.inc
[1.537s] -- Up-to-date: /home/vboxuser/Downloads/trabalho_stage_ros2/install/stage/share/stage/worlds/pioneer.inc
[1.537s] -- Up-to-date: /home/vboxuser/Downloads/trabalho_stage_ros2/install/stage/share/stage/worlds/sick.inc
[1.538s] -- Up-to-date: /home/vboxuser/Downloads/trabalho_stage_ros2/install/stage/share/stage/worlds/ubot.inc
[1.538s] -- Up-to-date: /home/vboxuser/Downloads/trabalho_stage_ros2/install/stage/share/stage/worlds/uoa_robotics_lab_models.inc
[1.538s] -- Up-to-date: /home/vboxuser/Downloads/trabalho_stage_ros2/install/stage/share/stage/worlds/walle.inc
[1.538s] -- Up-to-date: /home/vboxuser/Downloads/trabalho_stage_ros2/install/stage/share/stage/worlds/cfggen.sh
[1.538s] -- Up-to-date: /home/vboxuser/Downloads/trabalho_stage_ros2/install/stage/share/stage/worlds/test.sh
[1.539s] -- Up-to-date: /home/vboxuser/Downloads/trabalho_stage_ros2/install/stage/share/stage/worlds/worldgen.sh
[1.558s] -- Up-to-date: /home/vboxuser/Downloads/trabalho_stage_ros2/install/stage/lib/Stage-4.3/expand_swarm.so
[1.560s] -- Up-to-date: /home/vboxuser/Downloads/trabalho_stage_ros2/install/stage/lib/Stage-4.3/expand_pioneer.so
[1.560s] -- Up-to-date: /home/vboxuser/Downloads/trabalho_stage_ros2/install/stage/share/stage/worlds/bitmaps/889_05.png
[1.560s] -- Up-to-date: /home/vboxuser/Downloads/trabalho_stage_ros2/install/stage/share/stage/worlds/bitmaps/SFU_1200x615.png
[1.561s] -- Up-to-date: /home/vboxuser/Downloads/trabalho_stage_ros2/install/stage/share/stage/worlds/bitmaps/SRI-AIC-kwing.png
[1.561s] -- Up-to-date: /home/vboxuser/Downloads/trabalho_stage_ros2/install/stage/share/stage/worlds/bitmaps/autolab.png
[1.561s] -- Up-to-date: /home/vboxuser/Downloads/trabalho_stage_ros2/install/stage/share/stage/worlds/bitmaps/cave.png
[1.561s] -- Up-to-date: /home/vboxuser/Downloads/trabalho_stage_ros2/install/stage/share/stage/worlds/bitmaps/cave_compact.png
[1.562s] -- Up-to-date: /home/vboxuser/Downloads/trabalho_stage_ros2/install/stage/share/stage/worlds/bitmaps/cave_filled.png
[1.562s] -- Up-to-date: /home/vboxuser/Downloads/trabalho_stage_ros2/install/stage/share/stage/worlds/bitmaps/frieburg.png
[1.562s] -- Up-to-date: /home/vboxuser/Downloads/trabalho_stage_ros2/install/stage/share/stage/worlds/bitmaps/ghost.png
[1.562s] -- Up-to-date: /home/vboxuser/Downloads/trabalho_stage_ros2/install/stage/share/stage/worlds/bitmaps/hospital.png
[1.563s] -- Up-to-date: /home/vboxuser/Downloads/trabalho_stage_ros2/install/stage/share/stage/worlds/bitmaps/hospital_section.png
[1.563s] -- Up-to-date: /home/vboxuser/Downloads/trabalho_stage_ros2/install/stage/share/stage/worlds/bitmaps/human_outline.png
[1.563s] -- Up-to-date: /home/vboxuser/Downloads/trabalho_stage_ros2/install/stage/share/stage/worlds/bitmaps/mbicp.png
[1.563s] -- Up-to-date: /home/vboxuser/Downloads/trabalho_stage_ros2/install/stage/share/stage/worlds/bitmaps/rink.png
[1.563s] -- Up-to-date: /home/vboxuser/Downloads/trabalho_stage_ros2/install/stage/share/stage/worlds/bitmaps/sal2.png
[1.564s] -- Up-to-date: /home/vboxuser/Downloads/trabalho_stage_ros2/install/stage/share/stage/worlds/bitmaps/simple_rooms.png
[1.564s] -- Up-to-date: /home/vboxuser/Downloads/trabalho_stage_ros2/install/stage/share/stage/worlds/bitmaps/space_invader.png
[1.564s] -- Up-to-date: /home/vboxuser/Downloads/trabalho_stage_ros2/install/stage/share/stage/worlds/bitmaps/submarine.png
[1.564s] -- Up-to-date: /home/vboxuser/Downloads/trabalho_stage_ros2/install/stage/share/stage/worlds/bitmaps/submarine_small.png
[1.564s] -- Up-to-date: /home/vboxuser/Downloads/trabalho_stage_ros2/install/stage/share/stage/worlds/bitmaps/table.png
[1.565s] -- Up-to-date: /home/vboxuser/Downloads/trabalho_stage_ros2/install/stage/share/stage/worlds/bitmaps/uoa_robotics_lab.png
[1.565s] -- Up-to-date: /home/vboxuser/Downloads/trabalho_stage_ros2/install/stage/share/stage/worlds/wifi/commando.world
[1.565s] -- Up-to-date: /home/vboxuser/Downloads/trabalho_stage_ros2/install/stage/share/stage/worlds/wifi/hosp_wifi.world
[1.565s] -- Up-to-date: /home/vboxuser/Downloads/trabalho_stage_ros2/install/stage/share/stage/worlds/wifi/hosp_wifi_5.world
[1.565s] -- Up-to-date: /home/vboxuser/Downloads/trabalho_stage_ros2/install/stage/share/stage/worlds/wifi/wifi.world
[1.566s] -- Up-to-date: /home/vboxuser/Downloads/trabalho_stage_ros2/install/stage/share/stage/worlds/wifi/wifi_itu.world
[1.566s] -- Up-to-date: /home/vboxuser/Downloads/trabalho_stage_ros2/install/stage/share/stage/worlds/wifi/wifi_logdistance.world
[1.566s] -- Up-to-date: /home/vboxuser/Downloads/trabalho_stage_ros2/install/stage/share/stage/worlds/wifi/wifi_ray.world
[1.566s] -- Up-to-date: /home/vboxuser/Downloads/trabalho_stage_ros2/install/stage/share/stage/worlds/wifi/wifi_simple.world
[1.566s] -- Up-to-date: /home/vboxuser/Downloads/trabalho_stage_ros2/install/stage/share/stage/worlds/wifi/map.inc
[1.574s] Invoked command in '/home/vboxuser/Downloads/trabalho_stage_ros2/build/stage' returned '0': /usr/bin/cmake --install /home/vboxuser/Downloads/trabalho_stage_ros2/build/stage
