[0.007s] Invoking command in '/home/vboxuser/Downloads/trabalho_stage_ros2/build/stage': /usr/bin/cmake /home/vboxuser/Downloads/trabalho_stage_ros2/src/Stage -DCATKIN_INSTALL_INTO_PREFIX_ROOT=0 -DCMAKE_INSTALL_PREFIX=/home/vboxuser/Downloads/trabalho_stage_ros2/install/stage
[0.657s] -- The C compiler identification is GNU 11.4.0
[1.082s] -- The CXX compiler identification is GNU 11.4.0
[1.165s] -- Detecting C compiler ABI info
[1.421s] -- Detecting C compiler ABI info - done
[1.478s] -- Check for working C compiler: /usr/bin/cc - skipped
[1.478s] -- Detecting C compile features
[1.484s] -- Detecting C compile features - done
[1.516s] -- Detecting CXX compiler ABI info
[1.815s] -- Detecting CXX compiler ABI info - done
[1.892s] -- Check for working CXX compiler: /usr/bin/c++ - skipped
[1.893s] -- Detecting CXX compile features
[1.893s] -- Detecting CXX compile features - done
[1.893s] -- Stage version 4.3.0
[1.893s] -- Operating system is Linux
[1.894s] -- Installing Libraries to /home/vboxuser/Downloads/trabalho_stage_ros2/install/stage/lib
[1.894s] -- Installing Plugins to /home/vboxuser/Downloads/trabalho_stage_ros2/install/stage/lib/Stage-4.3
[1.894s] -- Build type RELEASE
[1.894s] -- Checking for libtool
[1.915s] -- Checking for required libraries...
[2.280s] -- Found JPEG: /usr/lib/x86_64-linux-gnu/libjpeg.so (found version "80") 
[2.331s] -- Found ZLIB: /usr/lib/x86_64-linux-gnu/libz.so (found version "1.2.11") 
[2.453s] -- Found PNG: /usr/lib/x86_64-linux-gnu/libpng.so (found version "1.6.37") 
[2.477s] -- Found OpenGL: /usr/lib/x86_64-linux-gnu/libOpenGL.so   
[2.878s] -- Found X11: /usr/include   
[2.882s] -- Looking for XOpenDisplay in /usr/lib/x86_64-linux-gnu/libX11.so;/usr/lib/x86_64-linux-gnu/libXext.so
[3.133s] -- Looking for XOpenDisplay in /usr/lib/x86_64-linux-gnu/libX11.so;/usr/lib/x86_64-linux-gnu/libXext.so - found
[3.153s] -- Looking for gethostbyname
[3.395s] -- Looking for gethostbyname - found
[3.395s] -- Looking for connect
[3.615s] -- Looking for connect - found
[3.618s] -- Looking for remove
[3.837s] -- Looking for remove - found
[3.838s] -- Looking for shmat
[4.101s] -- Looking for shmat - found
[4.113s] -- Looking for IceConnectionNumber in ICE
[4.360s] -- Looking for IceConnectionNumber in ICE - found
[4.642s] -- Found FLTK: fltk_images;fltk_forms;fltk_gl;fltk  
[4.649s] -- Checking for optional libraries...
[4.650s] -- Installation path CMAKE_INSTALL_PREFIX=/home/vboxuser/Downloads/trabalho_stage_ros2/install/stage
[4.690s] -- Configuring libstage
[4.697s] -- Found PkgConfig: /usr/bin/pkg-config (found version "0.29.2") 
[4.699s] -- Checking for one of the modules 'playercore>=2.1.0'
[4.708s] --   * Player not detected. If Player is installed but not detected, check your PKG_CONFIG_PATH.
[4.770s] -- Configuring done
[4.982s] -- Generating done
[4.983s] [33mCMake Warning:
[4.983s]   Manually-specified variables were not used by the project:
[4.983s] 
[4.984s]     CATKIN_INSTALL_INTO_PREFIX_ROOT
[4.984s] 
[4.984s] [0m
[5.028s] -- Build files have been written to: /home/vboxuser/Downloads/trabalho_stage_ros2/build/stage
[5.050s] Invoked command in '/home/vboxuser/Downloads/trabalho_stage_ros2/build/stage' returned '0': /usr/bin/cmake /home/vboxuser/Downloads/trabalho_stage_ros2/src/Stage -DCATKIN_INSTALL_INTO_PREFIX_ROOT=0 -DCMAKE_INSTALL_PREFIX=/home/vboxuser/Downloads/trabalho_stage_ros2/install/stage
[5.056s] Invoking command in '/home/vboxuser/Downloads/trabalho_stage_ros2/build/stage': /usr/bin/cmake --build /home/vboxuser/Downloads/trabalho_stage_ros2/build/stage -- -j1 -l1
[5.221s] [  1%] [32mBuilding CXX object libstage/CMakeFiles/stage.dir/block.cc.o[0m
[10.103s] [  3%] [32mBuilding CXX object libstage/CMakeFiles/stage.dir/blockgroup.cc.o[0m
[14.933s] [  5%] [32mBuilding CXX object libstage/CMakeFiles/stage.dir/camera.cc.o[0m
[18.630s] [  6%] [32mBuilding CXX object libstage/CMakeFiles/stage.dir/color.cc.o[0m
[23.445s] [  8%] [32mBuilding CXX object libstage/CMakeFiles/stage.dir/file_manager.cc.o[0m
[27.537s] [ 10%] [32mBuilding CXX object libstage/CMakeFiles/stage.dir/gl.cc.o[0m
[31.587s] [ 11%] [32mBuilding CXX object libstage/CMakeFiles/stage.dir/logentry.cc.o[0m
[35.701s] [ 13%] [32mBuilding CXX object libstage/CMakeFiles/stage.dir/model.cc.o[0m
[44.294s] [ 15%] [32mBuilding CXX object libstage/CMakeFiles/stage.dir/model_actuator.cc.o[0m
[48.202s] [ 16%] [32mBuilding CXX object libstage/CMakeFiles/stage.dir/model_blinkenlight.cc.o[0m
[52.399s] [ 18%] [32mBuilding CXX object libstage/CMakeFiles/stage.dir/model_blobfinder.cc.o[0m
[56.676s] [ 20%] [32mBuilding CXX object libstage/CMakeFiles/stage.dir/model_bumper.cc.o[0m
[60.587s] [ 22%] [32mBuilding CXX object libstage/CMakeFiles/stage.dir/model_callbacks.cc.o[0m
[64.433s] [ 23%] [32mBuilding CXX object libstage/CMakeFiles/stage.dir/model_camera.cc.o[0m
[68.621s] [ 25%] [32mBuilding CXX object libstage/CMakeFiles/stage.dir/model_draw.cc.o[0m
[73.486s] [ 27%] [32mBuilding CXX object libstage/CMakeFiles/stage.dir/model_fiducial.cc.o[0m
[78.144s] [ 28%] [32mBuilding CXX object libstage/CMakeFiles/stage.dir/model_gripper.cc.o[0m
[82.949s] [ 30%] [32mBuilding CXX object libstage/CMakeFiles/stage.dir/model_lightindicator.cc.o[0m
[86.478s] [ 32%] [32mBuilding CXX object libstage/CMakeFiles/stage.dir/model_position.cc.o[0m
[91.327s] [ 33%] [32mBuilding CXX object libstage/CMakeFiles/stage.dir/model_ranger.cc.o[0m
[96.353s] [ 35%] [32mBuilding CXX object libstage/CMakeFiles/stage.dir/option.cc.o[0m
[99.993s] [ 37%] [32mBuilding CXX object libstage/CMakeFiles/stage.dir/powerpack.cc.o[0m
[103.802s] [ 38%] [32mBuilding CXX object libstage/CMakeFiles/stage.dir/region.cc.o[0m
[108.390s] [ 40%] [32mBuilding CXX object libstage/CMakeFiles/stage.dir/stage.cc.o[0m
[113.979s] [ 42%] [32mBuilding CXX object libstage/CMakeFiles/stage.dir/texture_manager.cc.o[0m
[117.683s] [ 44%] [32mBuilding CXX object libstage/CMakeFiles/stage.dir/typetable.cc.o[0m
[121.976s] [ 45%] [32mBuilding CXX object libstage/CMakeFiles/stage.dir/world.cc.o[0m
[130.674s] [ 47%] [32mBuilding CXX object libstage/CMakeFiles/stage.dir/worldfile.cc.o[0m
[137.307s] [ 49%] [32mBuilding CXX object libstage/CMakeFiles/stage.dir/canvas.cc.o[0m
[144.506s] [ 50%] [32mBuilding CXX object libstage/CMakeFiles/stage.dir/options_dlg.cc.o[0m
[148.285s] [ 52%] [32mBuilding CXX object libstage/CMakeFiles/stage.dir/vis_strip.cc.o[0m
[152.020s] [ 54%] [32mBuilding CXX object libstage/CMakeFiles/stage.dir/worldgui.cc.o[0m
[157.243s] [ 55%] [32mBuilding CXX object libstage/CMakeFiles/stage.dir/ancestor.cc.o[0m
[161.484s] [ 57%] [32m[1mLinking CXX shared library libstage.so[0m
[162.025s] [ 57%] Built target stage
[162.092s] [ 59%] [32mBuilding CXX object libstage/CMakeFiles/stagebinary.dir/main.cc.o[0m
[165.645s] [ 61%] [32m[1mLinking CXX executable stage[0m
[166.033s] [ 61%] Built target stagebinary
[166.093s] [ 62%] [32mBuilding CXX object examples/ctrl/CMakeFiles/fasr.dir/fasr.cc.o[0m
[169.777s] [ 64%] [32m[1mLinking CXX shared module fasr.so[0m
[170.175s] [ 64%] Built target fasr
[170.229s] [ 66%] [32mBuilding CXX object examples/ctrl/CMakeFiles/sink.dir/sink.cc.o[0m
[173.876s] [ 67%] [32m[1mLinking CXX shared module sink.so[0m
[174.390s] [ 67%] Built target sink
[174.487s] [ 69%] [32mBuilding CXX object examples/ctrl/CMakeFiles/source.dir/source.cc.o[0m
[178.123s] [ 71%] [32m[1mLinking CXX shared module source.so[0m
[178.454s] [ 71%] Built target source
[178.500s] [ 72%] [32mBuilding CXX object examples/ctrl/CMakeFiles/wander.dir/wander.cc.o[0m
[182.066s] [ 74%] [32m[1mLinking CXX shared module wander.so[0m
[182.408s] [ 74%] Built target wander
[182.462s] [ 76%] [32mBuilding CXX object examples/ctrl/CMakeFiles/pioneer_flocking.dir/pioneer_flocking.cc.o[0m
[185.914s] [ 77%] [32m[1mLinking CXX shared module pioneer_flocking.so[0m
[186.274s] [ 77%] Built target pioneer_flocking
[186.340s] [ 79%] [32mBuilding CXX object examples/ctrl/CMakeFiles/rasterize.dir/rasterize.cc.o[0m
[189.784s] [ 81%] [32m[1mLinking CXX shared module rasterize.so[0m
[190.107s] [ 81%] Built target rasterize
[190.153s] [ 83%] [32mBuilding CXX object examples/ctrl/CMakeFiles/lasernoise.dir/lasernoise.cc.o[0m
[193.495s] [ 84%] [32m[1mLinking CXX shared module lasernoise.so[0m
[193.863s] [ 84%] Built target lasernoise
[193.913s] [ 86%] [32mBuilding CXX object examples/ctrl/CMakeFiles/dynamic.dir/dynamic.cc.o[0m
[197.403s] [ 88%] [32m[1mLinking CXX shared module dynamic.so[0m
[197.683s] [ 88%] Built target dynamic
[197.779s] [ 89%] [32mBuilding CXX object examples/ctrl/CMakeFiles/fasr2.dir/fasr2.cc.o[0m
[203.023s] [ 91%] [32mBuilding CXX object examples/ctrl/CMakeFiles/fasr2.dir/astar/findpath.cpp.o[0m
[206.207s] [ 93%] [32m[1mLinking CXX shared module fasr2.so[0m
[206.717s] [ 93%] Built target fasr2
[206.784s] [ 94%] [32mBuilding CXX object worlds/benchmark/CMakeFiles/expand_swarm.dir/expand_swarm.cc.o[0m
[210.231s] [ 96%] [32m[1mLinking CXX shared module expand_swarm.so[0m
[210.610s] [ 96%] Built target expand_swarm
[210.667s] [ 98%] [32mBuilding CXX object worlds/benchmark/CMakeFiles/expand_pioneer.dir/expand_pioneer.cc.o[0m
[214.111s] [100%] [32m[1mLinking CXX shared module expand_pioneer.so[0m
[214.470s] [100%] Built target expand_pioneer
[214.501s] Invoked command in '/home/vboxuser/Downloads/trabalho_stage_ros2/build/stage' returned '0': /usr/bin/cmake --build /home/vboxuser/Downloads/trabalho_stage_ros2/build/stage -- -j1 -l1
[214.525s] Invoking command in '/home/vboxuser/Downloads/trabalho_stage_ros2/build/stage': /usr/bin/cmake --install /home/vboxuser/Downloads/trabalho_stage_ros2/build/stage
[214.562s] -- Install configuration: "RELEASE"
[214.562s] -- Installing: /home/vboxuser/Downloads/trabalho_stage_ros2/install/stage/lib/pkgconfig/stage.pc
[214.563s] -- Installing: /home/vboxuser/Downloads/trabalho_stage_ros2/install/stage/lib/cmake/Stage/stage-config.cmake
[214.564s] -- Installing: /home/vboxuser/Downloads/trabalho_stage_ros2/install/stage/lib/cmake/Stage/stage-config-version.cmake
[214.566s] -- Installing: /home/vboxuser/Downloads/trabalho_stage_ros2/install/stage/bin/stage
[214.567s] -- Set runtime path of "/home/vboxuser/Downloads/trabalho_stage_ros2/install/stage/bin/stage" to ""
[214.568s] -- Installing: /home/vboxuser/Downloads/trabalho_stage_ros2/install/stage/lib/libstage.so.4.3.0
[214.570s] -- Installing: /home/vboxuser/Downloads/trabalho_stage_ros2/install/stage/lib/libstage.so
[214.572s] -- Installing: /home/vboxuser/Downloads/trabalho_stage_ros2/install/stage/include/Stage-4.3/stage.hh
[214.576s] -- Installing: /home/vboxuser/Downloads/trabalho_stage_ros2/install/stage/lib/Stage-4.3/fasr.so
[214.578s] -- Set runtime path of "/home/vboxuser/Downloads/trabalho_stage_ros2/install/stage/lib/Stage-4.3/fasr.so" to ""
[214.579s] -- Installing: /home/vboxuser/Downloads/trabalho_stage_ros2/install/stage/lib/Stage-4.3/sink.so
[214.579s] -- Set runtime path of "/home/vboxuser/Downloads/trabalho_stage_ros2/install/stage/lib/Stage-4.3/sink.so" to ""
[214.580s] -- Installing: /home/vboxuser/Downloads/trabalho_stage_ros2/install/stage/lib/Stage-4.3/source.so
[214.583s] -- Set runtime path of "/home/vboxuser/Downloads/trabalho_stage_ros2/install/stage/lib/Stage-4.3/source.so" to ""
[214.585s] -- Installing: /home/vboxuser/Downloads/trabalho_stage_ros2/install/stage/lib/Stage-4.3/wander.so
[214.585s] -- Set runtime path of "/home/vboxuser/Downloads/trabalho_stage_ros2/install/stage/lib/Stage-4.3/wander.so" to ""
[214.586s] -- Installing: /home/vboxuser/Downloads/trabalho_stage_ros2/install/stage/lib/Stage-4.3/pioneer_flocking.so
[214.587s] -- Set runtime path of "/home/vboxuser/Downloads/trabalho_stage_ros2/install/stage/lib/Stage-4.3/pioneer_flocking.so" to ""
[214.588s] -- Installing: /home/vboxuser/Downloads/trabalho_stage_ros2/install/stage/lib/Stage-4.3/rasterize.so
[214.589s] -- Set runtime path of "/home/vboxuser/Downloads/trabalho_stage_ros2/install/stage/lib/Stage-4.3/rasterize.so" to ""
[214.590s] -- Installing: /home/vboxuser/Downloads/trabalho_stage_ros2/install/stage/lib/Stage-4.3/lasernoise.so
[214.591s] -- Set runtime path of "/home/vboxuser/Downloads/trabalho_stage_ros2/install/stage/lib/Stage-4.3/lasernoise.so" to ""
[214.592s] -- Installing: /home/vboxuser/Downloads/trabalho_stage_ros2/install/stage/lib/Stage-4.3/dynamic.so
[214.593s] -- Set runtime path of "/home/vboxuser/Downloads/trabalho_stage_ros2/install/stage/lib/Stage-4.3/dynamic.so" to ""
[214.594s] -- Installing: /home/vboxuser/Downloads/trabalho_stage_ros2/install/stage/lib/Stage-4.3/fasr2.so
[214.595s] -- Set runtime path of "/home/vboxuser/Downloads/trabalho_stage_ros2/install/stage/lib/Stage-4.3/fasr2.so" to ""
[214.597s] -- Installing: /home/vboxuser/Downloads/trabalho_stage_ros2/install/stage/share/stage/assets/blue.png
[214.599s] -- Installing: /home/vboxuser/Downloads/trabalho_stage_ros2/install/stage/share/stage/assets/death.png
[214.600s] -- Installing: /home/vboxuser/Downloads/trabalho_stage_ros2/install/stage/share/stage/assets/green.png
[214.601s] -- Installing: /home/vboxuser/Downloads/trabalho_stage_ros2/install/stage/share/stage/assets/logo.png
[214.601s] -- Installing: /home/vboxuser/Downloads/trabalho_stage_ros2/install/stage/share/stage/assets/mains.png
[214.602s] -- Installing: /home/vboxuser/Downloads/trabalho_stage_ros2/install/stage/share/stage/assets/mainspower.png
[214.603s] -- Installing: /home/vboxuser/Downloads/trabalho_stage_ros2/install/stage/share/stage/assets/question_mark.png
[214.604s] -- Installing: /home/vboxuser/Downloads/trabalho_stage_ros2/install/stage/share/stage/assets/red.png
[214.604s] -- Installing: /home/vboxuser/Downloads/trabalho_stage_ros2/install/stage/share/stage/assets/stagelogo.png
[214.605s] -- Installing: /home/vboxuser/Downloads/trabalho_stage_ros2/install/stage/share/stage/assets/stall-old.png
[214.606s] -- Installing: /home/vboxuser/Downloads/trabalho_stage_ros2/install/stage/share/stage/assets/stall.png
[214.606s] -- Installing: /home/vboxuser/Downloads/trabalho_stage_ros2/install/stage/share/stage/assets/rgb.txt
[214.607s] -- Installing: /home/vboxuser/Downloads/trabalho_stage_ros2/install/stage/share/stage/rgb.txt
[214.609s] -- Installing: /home/vboxuser/Downloads/trabalho_stage_ros2/install/stage/share/stage/worlds/amcl-sonar.cfg
[214.610s] -- Installing: /home/vboxuser/Downloads/trabalho_stage_ros2/install/stage/share/stage/worlds/autolab.cfg
[214.610s] -- Installing: /home/vboxuser/Downloads/trabalho_stage_ros2/install/stage/share/stage/worlds/camera.cfg
[214.611s] -- Installing: /home/vboxuser/Downloads/trabalho_stage_ros2/install/stage/share/stage/worlds/everything.cfg
[214.611s] -- Installing: /home/vboxuser/Downloads/trabalho_stage_ros2/install/stage/share/stage/worlds/lsp_test.cfg
[214.612s] -- Installing: /home/vboxuser/Downloads/trabalho_stage_ros2/install/stage/share/stage/worlds/mbicp.cfg
[214.613s] -- Installing: /home/vboxuser/Downloads/trabalho_stage_ros2/install/stage/share/stage/worlds/nd.cfg
[214.646s] -- Installing: /home/vboxuser/Downloads/trabalho_stage_ros2/install/stage/share/stage/worlds/roomba.cfg
[214.646s] -- Installing: /home/vboxuser/Downloads/trabalho_stage_ros2/install/stage/share/stage/worlds/simple.cfg
[214.647s] -- Installing: /home/vboxuser/Downloads/trabalho_stage_ros2/install/stage/share/stage/worlds/test.cfg
[214.647s] -- Installing: /home/vboxuser/Downloads/trabalho_stage_ros2/install/stage/share/stage/worlds/uoa_robotics_lab.cfg
[214.647s] -- Installing: /home/vboxuser/Downloads/trabalho_stage_ros2/install/stage/share/stage/worlds/vfh.cfg
[214.647s] -- Installing: /home/vboxuser/Downloads/trabalho_stage_ros2/install/stage/share/stage/worlds/wavefront-remote.cfg
[214.647s] -- Installing: /home/vboxuser/Downloads/trabalho_stage_ros2/install/stage/share/stage/worlds/wavefront.cfg
[214.648s] -- Installing: /home/vboxuser/Downloads/trabalho_stage_ros2/install/stage/share/stage/worlds/wifi.cfg
[214.648s] -- Installing: /home/vboxuser/Downloads/trabalho_stage_ros2/install/stage/share/stage/worlds/SFU.world
[214.648s] -- Installing: /home/vboxuser/Downloads/trabalho_stage_ros2/install/stage/share/stage/worlds/autolab.world
[214.648s] -- Installing: /home/vboxuser/Downloads/trabalho_stage_ros2/install/stage/share/stage/worlds/camera.world
[214.648s] -- Installing: /home/vboxuser/Downloads/trabalho_stage_ros2/install/stage/share/stage/worlds/circuit.world
[214.648s] -- Installing: /home/vboxuser/Downloads/trabalho_stage_ros2/install/stage/share/stage/worlds/everything.world
[214.649s] -- Installing: /home/vboxuser/Downloads/trabalho_stage_ros2/install/stage/share/stage/worlds/fasr.world
[214.649s] -- Installing: /home/vboxuser/Downloads/trabalho_stage_ros2/install/stage/share/stage/worlds/fasr2.world
[214.649s] -- Installing: /home/vboxuser/Downloads/trabalho_stage_ros2/install/stage/share/stage/worlds/fasr_plan.world
[214.649s] -- Installing: /home/vboxuser/Downloads/trabalho_stage_ros2/install/stage/share/stage/worlds/large.world
[214.649s] -- Installing: /home/vboxuser/Downloads/trabalho_stage_ros2/install/stage/share/stage/worlds/lsp_test.world
[214.650s] -- Installing: /home/vboxuser/Downloads/trabalho_stage_ros2/install/stage/share/stage/worlds/mbicp.world
[214.650s] -- Installing: /home/vboxuser/Downloads/trabalho_stage_ros2/install/stage/share/stage/worlds/pioneer_flocking.world
[214.650s] -- Installing: /home/vboxuser/Downloads/trabalho_stage_ros2/install/stage/share/stage/worlds/pioneer_follow.world
[214.650s] -- Installing: /home/vboxuser/Downloads/trabalho_stage_ros2/install/stage/share/stage/worlds/pioneer_walle.world
[214.650s] -- Installing: /home/vboxuser/Downloads/trabalho_stage_ros2/install/stage/share/stage/worlds/roomba.world
[214.650s] -- Installing: /home/vboxuser/Downloads/trabalho_stage_ros2/install/stage/share/stage/worlds/sensor_noise_demo.world
[214.651s] -- Installing: /home/vboxuser/Downloads/trabalho_stage_ros2/install/stage/share/stage/worlds/sensor_noise_module_demo.world
[214.651s] -- Installing: /home/vboxuser/Downloads/trabalho_stage_ros2/install/stage/share/stage/worlds/simple.world
[214.651s] -- Installing: /home/vboxuser/Downloads/trabalho_stage_ros2/install/stage/share/stage/worlds/uoa_robotics_lab.world
[214.651s] -- Installing: /home/vboxuser/Downloads/trabalho_stage_ros2/install/stage/share/stage/worlds/wifi.world
[214.651s] -- Installing: /home/vboxuser/Downloads/trabalho_stage_ros2/install/stage/share/stage/worlds/beacons.inc
[214.652s] -- Installing: /home/vboxuser/Downloads/trabalho_stage_ros2/install/stage/share/stage/worlds/chatterbox.inc
[214.652s] -- Installing: /home/vboxuser/Downloads/trabalho_stage_ros2/install/stage/share/stage/worlds/hokuyo.inc
[214.652s] -- Installing: /home/vboxuser/Downloads/trabalho_stage_ros2/install/stage/share/stage/worlds/irobot.inc
[214.652s] -- Installing: /home/vboxuser/Downloads/trabalho_stage_ros2/install/stage/share/stage/worlds/map.inc
[214.652s] -- Installing: /home/vboxuser/Downloads/trabalho_stage_ros2/install/stage/share/stage/worlds/objects.inc
[214.652s] -- Installing: /home/vboxuser/Downloads/trabalho_stage_ros2/install/stage/share/stage/worlds/pantilt.inc
[214.653s] -- Installing: /home/vboxuser/Downloads/trabalho_stage_ros2/install/stage/share/stage/worlds/pioneer.inc
[214.653s] -- Installing: /home/vboxuser/Downloads/trabalho_stage_ros2/install/stage/share/stage/worlds/sick.inc
[214.653s] -- Installing: /home/vboxuser/Downloads/trabalho_stage_ros2/install/stage/share/stage/worlds/ubot.inc
[214.653s] -- Installing: /home/vboxuser/Downloads/trabalho_stage_ros2/install/stage/share/stage/worlds/uoa_robotics_lab_models.inc
[214.653s] -- Installing: /home/vboxuser/Downloads/trabalho_stage_ros2/install/stage/share/stage/worlds/walle.inc
[214.654s] -- Installing: /home/vboxuser/Downloads/trabalho_stage_ros2/install/stage/share/stage/worlds/cfggen.sh
[214.654s] -- Installing: /home/vboxuser/Downloads/trabalho_stage_ros2/install/stage/share/stage/worlds/test.sh
[214.654s] -- Installing: /home/vboxuser/Downloads/trabalho_stage_ros2/install/stage/share/stage/worlds/worldgen.sh
[214.654s] -- Installing: /home/vboxuser/Downloads/trabalho_stage_ros2/install/stage/lib/Stage-4.3/expand_swarm.so
[214.654s] -- Set runtime path of "/home/vboxuser/Downloads/trabalho_stage_ros2/install/stage/lib/Stage-4.3/expand_swarm.so" to ""
[214.658s] -- Installing: /home/vboxuser/Downloads/trabalho_stage_ros2/install/stage/lib/Stage-4.3/expand_pioneer.so
[214.658s] -- Set runtime path of "/home/vboxuser/Downloads/trabalho_stage_ros2/install/stage/lib/Stage-4.3/expand_pioneer.so" to ""
[214.658s] -- Installing: /home/vboxuser/Downloads/trabalho_stage_ros2/install/stage/share/stage/worlds/bitmaps/889_05.png
[214.659s] -- Installing: /home/vboxuser/Downloads/trabalho_stage_ros2/install/stage/share/stage/worlds/bitmaps/SFU_1200x615.png
[214.659s] -- Installing: /home/vboxuser/Downloads/trabalho_stage_ros2/install/stage/share/stage/worlds/bitmaps/SRI-AIC-kwing.png
[214.660s] -- Installing: /home/vboxuser/Downloads/trabalho_stage_ros2/install/stage/share/stage/worlds/bitmaps/autolab.png
[214.660s] -- Installing: /home/vboxuser/Downloads/trabalho_stage_ros2/install/stage/share/stage/worlds/bitmaps/cave.png
[214.662s] -- Installing: /home/vboxuser/Downloads/trabalho_stage_ros2/install/stage/share/stage/worlds/bitmaps/cave_compact.png
[214.664s] -- Installing: /home/vboxuser/Downloads/trabalho_stage_ros2/install/stage/share/stage/worlds/bitmaps/cave_filled.png
[214.664s] -- Installing: /home/vboxuser/Downloads/trabalho_stage_ros2/install/stage/share/stage/worlds/bitmaps/frieburg.png
[214.665s] -- Installing: /home/vboxuser/Downloads/trabalho_stage_ros2/install/stage/share/stage/worlds/bitmaps/ghost.png
[214.666s] -- Installing: /home/vboxuser/Downloads/trabalho_stage_ros2/install/stage/share/stage/worlds/bitmaps/hospital.png
[214.667s] -- Installing: /home/vboxuser/Downloads/trabalho_stage_ros2/install/stage/share/stage/worlds/bitmaps/hospital_section.png
[214.667s] -- Installing: /home/vboxuser/Downloads/trabalho_stage_ros2/install/stage/share/stage/worlds/bitmaps/human_outline.png
[214.668s] -- Installing: /home/vboxuser/Downloads/trabalho_stage_ros2/install/stage/share/stage/worlds/bitmaps/mbicp.png
[214.669s] -- Installing: /home/vboxuser/Downloads/trabalho_stage_ros2/install/stage/share/stage/worlds/bitmaps/rink.png
[214.670s] -- Installing: /home/vboxuser/Downloads/trabalho_stage_ros2/install/stage/share/stage/worlds/bitmaps/sal2.png
[214.670s] -- Installing: /home/vboxuser/Downloads/trabalho_stage_ros2/install/stage/share/stage/worlds/bitmaps/simple_rooms.png
[214.671s] -- Installing: /home/vboxuser/Downloads/trabalho_stage_ros2/install/stage/share/stage/worlds/bitmaps/space_invader.png
[214.671s] -- Installing: /home/vboxuser/Downloads/trabalho_stage_ros2/install/stage/share/stage/worlds/bitmaps/submarine.png
[214.673s] -- Installing: /home/vboxuser/Downloads/trabalho_stage_ros2/install/stage/share/stage/worlds/bitmaps/submarine_small.png
[214.673s] -- Installing: /home/vboxuser/Downloads/trabalho_stage_ros2/install/stage/share/stage/worlds/bitmaps/table.png
[214.674s] -- Installing: /home/vboxuser/Downloads/trabalho_stage_ros2/install/stage/share/stage/worlds/bitmaps/uoa_robotics_lab.png
[214.675s] -- Installing: /home/vboxuser/Downloads/trabalho_stage_ros2/install/stage/share/stage/worlds/wifi/commando.world
[214.676s] -- Installing: /home/vboxuser/Downloads/trabalho_stage_ros2/install/stage/share/stage/worlds/wifi/hosp_wifi.world
[214.676s] -- Installing: /home/vboxuser/Downloads/trabalho_stage_ros2/install/stage/share/stage/worlds/wifi/hosp_wifi_5.world
[214.679s] -- Installing: /home/vboxuser/Downloads/trabalho_stage_ros2/install/stage/share/stage/worlds/wifi/wifi.world
[214.680s] -- Installing: /home/vboxuser/Downloads/trabalho_stage_ros2/install/stage/share/stage/worlds/wifi/wifi_itu.world
[214.680s] -- Installing: /home/vboxuser/Downloads/trabalho_stage_ros2/install/stage/share/stage/worlds/wifi/wifi_logdistance.world
[214.681s] -- Installing: /home/vboxuser/Downloads/trabalho_stage_ros2/install/stage/share/stage/worlds/wifi/wifi_ray.world
[214.682s] -- Installing: /home/vboxuser/Downloads/trabalho_stage_ros2/install/stage/share/stage/worlds/wifi/wifi_simple.world
[214.687s] -- Installing: /home/vboxuser/Downloads/trabalho_stage_ros2/install/stage/share/stage/worlds/wifi/map.inc
[214.701s] Invoked command in '/home/vboxuser/Downloads/trabalho_stage_ros2/build/stage' returned '0': /usr/bin/cmake --install /home/vboxuser/Downloads/trabalho_stage_ros2/build/stage
