[0.036s] Invoking command in '/home/vboxuser/Downloads/trabalho_stage_ros2/build/stage': /usr/bin/cmake --build /home/vboxuser/Downloads/trabalho_stage_ros2/build/stage -- -j1 -l1
[0.329s] [ 57%] Built target stage
[0.384s] [ 61%] Built target stagebinary
[0.467s] [ 64%] Built target fasr
[0.514s] [ 67%] Built target sink
[0.588s] [ 71%] Built target source
[0.660s] [ 74%] Built target wander
[0.747s] [ 77%] Built target pioneer_flocking
[0.809s] [ 81%] Built target rasterize
[0.877s] [ 84%] Built target lasernoise
[0.933s] [ 88%] Built target dynamic
[1.006s] [ 93%] Built target fasr2
[1.076s] [ 96%] Built target expand_swarm
[1.147s] [100%] Built target expand_pioneer
[1.164s] Invoked command in '/home/vboxuser/Downloads/trabalho_stage_ros2/build/stage' returned '0': /usr/bin/cmake --build /home/vboxuser/Downloads/trabalho_stage_ros2/build/stage -- -j1 -l1
[1.197s] Invoking command in '/home/vboxuser/Downloads/trabalho_stage_ros2/build/stage': /usr/bin/cmake --install /home/vboxuser/Downloads/trabalho_stage_ros2/build/stage
[1.219s] -- Install configuration: "RELEASE"
[1.220s] -- Up-to-date: /home/vboxuser/Downloads/trabalho_stage_ros2/install/stage/lib/pkgconfig/stage.pc
[1.220s] -- Up-to-date: /home/vboxuser/Downloads/trabalho_stage_ros2/install/stage/lib/cmake/Stage/stage-config.cmake
[1.221s] -- Up-to-date: /home/vboxuser/Downloads/trabalho_stage_ros2/install/stage/lib/cmake/Stage/stage-config-version.cmake
[1.222s] -- Up-to-date: /home/vboxuser/Downloads/trabalho_stage_ros2/install/stage/bin/stage
[1.224s] -- Up-to-date: /home/vboxuser/Downloads/trabalho_stage_ros2/install/stage/lib/libstage.so.4.3.0
[1.225s] -- Up-to-date: /home/vboxuser/Downloads/trabalho_stage_ros2/install/stage/lib/libstage.so
[1.225s] -- Up-to-date: /home/vboxuser/Downloads/trabalho_stage_ros2/install/stage/include/Stage-4.3/stage.hh
[1.228s] -- Up-to-date: /home/vboxuser/Downloads/trabalho_stage_ros2/install/stage/lib/Stage-4.3/fasr.so
[1.229s] -- Up-to-date: /home/vboxuser/Downloads/trabalho_stage_ros2/install/stage/lib/Stage-4.3/sink.so
[1.230s] -- Up-to-date: /home/vboxuser/Downloads/trabalho_stage_ros2/install/stage/lib/Stage-4.3/source.so
[1.231s] -- Up-to-date: /home/vboxuser/Downloads/trabalho_stage_ros2/install/stage/lib/Stage-4.3/wander.so
[1.232s] -- Up-to-date: /home/vboxuser/Downloads/trabalho_stage_ros2/install/stage/lib/Stage-4.3/pioneer_flocking.so
[1.233s] -- Up-to-date: /home/vboxuser/Downloads/trabalho_stage_ros2/install/stage/lib/Stage-4.3/rasterize.so
[1.235s] -- Up-to-date: /home/vboxuser/Downloads/trabalho_stage_ros2/install/stage/lib/Stage-4.3/lasernoise.so
[1.237s] -- Up-to-date: /home/vboxuser/Downloads/trabalho_stage_ros2/install/stage/lib/Stage-4.3/dynamic.so
[1.237s] -- Up-to-date: /home/vboxuser/Downloads/trabalho_stage_ros2/install/stage/lib/Stage-4.3/fasr2.so
[1.238s] -- Up-to-date: /home/vboxuser/Downloads/trabalho_stage_ros2/install/stage/share/stage/assets/blue.png
[1.239s] -- Up-to-date: /home/vboxuser/Downloads/trabalho_stage_ros2/install/stage/share/stage/assets/death.png
[1.239s] -- Up-to-date: /home/vboxuser/Downloads/trabalho_stage_ros2/install/stage/share/stage/assets/green.png
[1.241s] -- Up-to-date: /home/vboxuser/Downloads/trabalho_stage_ros2/install/stage/share/stage/assets/logo.png
[1.241s] -- Up-to-date: /home/vboxuser/Downloads/trabalho_stage_ros2/install/stage/share/stage/assets/mains.png
[1.241s] -- Up-to-date: /home/vboxuser/Downloads/trabalho_stage_ros2/install/stage/share/stage/assets/mainspower.png
[1.242s] -- Up-to-date: /home/vboxuser/Downloads/trabalho_stage_ros2/install/stage/share/stage/assets/question_mark.png
[1.242s] -- Up-to-date: /home/vboxuser/Downloads/trabalho_stage_ros2/install/stage/share/stage/assets/red.png
[1.242s] -- Up-to-date: /home/vboxuser/Downloads/trabalho_stage_ros2/install/stage/share/stage/assets/stagelogo.png
[1.242s] -- Up-to-date: /home/vboxuser/Downloads/trabalho_stage_ros2/install/stage/share/stage/assets/stall-old.png
[1.242s] -- Up-to-date: /home/vboxuser/Downloads/trabalho_stage_ros2/install/stage/share/stage/assets/stall.png
[1.243s] -- Up-to-date: /home/vboxuser/Downloads/trabalho_stage_ros2/install/stage/share/stage/assets/rgb.txt
[1.244s] -- Up-to-date: /home/vboxuser/Downloads/trabalho_stage_ros2/install/stage/share/stage/rgb.txt
[1.245s] -- Up-to-date: /home/vboxuser/Downloads/trabalho_stage_ros2/install/stage/share/stage/worlds/amcl-sonar.cfg
[1.245s] -- Up-to-date: /home/vboxuser/Downloads/trabalho_stage_ros2/install/stage/share/stage/worlds/autolab.cfg
[1.245s] -- Up-to-date: /home/vboxuser/Downloads/trabalho_stage_ros2/install/stage/share/stage/worlds/camera.cfg
[1.245s] -- Up-to-date: /home/vboxuser/Downloads/trabalho_stage_ros2/install/stage/share/stage/worlds/everything.cfg
[1.247s] -- Up-to-date: /home/vboxuser/Downloads/trabalho_stage_ros2/install/stage/share/stage/worlds/lsp_test.cfg
[1.247s] -- Up-to-date: /home/vboxuser/Downloads/trabalho_stage_ros2/install/stage/share/stage/worlds/mbicp.cfg
[1.247s] -- Up-to-date: /home/vboxuser/Downloads/trabalho_stage_ros2/install/stage/share/stage/worlds/nd.cfg
[1.247s] -- Up-to-date: /home/vboxuser/Downloads/trabalho_stage_ros2/install/stage/share/stage/worlds/roomba.cfg
[1.247s] -- Up-to-date: /home/vboxuser/Downloads/trabalho_stage_ros2/install/stage/share/stage/worlds/simple.cfg
[1.248s] -- Up-to-date: /home/vboxuser/Downloads/trabalho_stage_ros2/install/stage/share/stage/worlds/test.cfg
[1.251s] -- Up-to-date: /home/vboxuser/Downloads/trabalho_stage_ros2/install/stage/share/stage/worlds/uoa_robotics_lab.cfg
[1.251s] -- Up-to-date: /home/vboxuser/Downloads/trabalho_stage_ros2/install/stage/share/stage/worlds/vfh.cfg
[1.251s] -- Up-to-date: /home/vboxuser/Downloads/trabalho_stage_ros2/install/stage/share/stage/worlds/wavefront-remote.cfg
[1.251s] -- Up-to-date: /home/vboxuser/Downloads/trabalho_stage_ros2/install/stage/share/stage/worlds/wavefront.cfg
[1.251s] -- Up-to-date: /home/vboxuser/Downloads/trabalho_stage_ros2/install/stage/share/stage/worlds/wifi.cfg
[1.252s] -- Up-to-date: /home/vboxuser/Downloads/trabalho_stage_ros2/install/stage/share/stage/worlds/SFU.world
[1.252s] -- Up-to-date: /home/vboxuser/Downloads/trabalho_stage_ros2/install/stage/share/stage/worlds/autolab.world
[1.252s] -- Up-to-date: /home/vboxuser/Downloads/trabalho_stage_ros2/install/stage/share/stage/worlds/camera.world
[1.252s] -- Up-to-date: /home/vboxuser/Downloads/trabalho_stage_ros2/install/stage/share/stage/worlds/circuit.world
[1.252s] -- Up-to-date: /home/vboxuser/Downloads/trabalho_stage_ros2/install/stage/share/stage/worlds/everything.world
[1.253s] -- Up-to-date: /home/vboxuser/Downloads/trabalho_stage_ros2/install/stage/share/stage/worlds/fasr.world
[1.253s] -- Up-to-date: /home/vboxuser/Downloads/trabalho_stage_ros2/install/stage/share/stage/worlds/fasr2.world
[1.253s] -- Up-to-date: /home/vboxuser/Downloads/trabalho_stage_ros2/install/stage/share/stage/worlds/fasr_plan.world
[1.253s] -- Up-to-date: /home/vboxuser/Downloads/trabalho_stage_ros2/install/stage/share/stage/worlds/large.world
[1.253s] -- Up-to-date: /home/vboxuser/Downloads/trabalho_stage_ros2/install/stage/share/stage/worlds/lsp_test.world
[1.253s] -- Up-to-date: /home/vboxuser/Downloads/trabalho_stage_ros2/install/stage/share/stage/worlds/mbicp.world
[1.254s] -- Up-to-date: /home/vboxuser/Downloads/trabalho_stage_ros2/install/stage/share/stage/worlds/pioneer_flocking.world
[1.254s] -- Up-to-date: /home/vboxuser/Downloads/trabalho_stage_ros2/install/stage/share/stage/worlds/pioneer_follow.world
[1.254s] -- Up-to-date: /home/vboxuser/Downloads/trabalho_stage_ros2/install/stage/share/stage/worlds/pioneer_walle.world
[1.254s] -- Up-to-date: /home/vboxuser/Downloads/trabalho_stage_ros2/install/stage/share/stage/worlds/roomba.world
[1.254s] -- Up-to-date: /home/vboxuser/Downloads/trabalho_stage_ros2/install/stage/share/stage/worlds/sensor_noise_demo.world
[1.255s] -- Up-to-date: /home/vboxuser/Downloads/trabalho_stage_ros2/install/stage/share/stage/worlds/sensor_noise_module_demo.world
[1.255s] -- Up-to-date: /home/vboxuser/Downloads/trabalho_stage_ros2/install/stage/share/stage/worlds/simple.world
[1.255s] -- Up-to-date: /home/vboxuser/Downloads/trabalho_stage_ros2/install/stage/share/stage/worlds/uoa_robotics_lab.world
[1.255s] -- Up-to-date: /home/vboxuser/Downloads/trabalho_stage_ros2/install/stage/share/stage/worlds/wifi.world
[1.255s] -- Up-to-date: /home/vboxuser/Downloads/trabalho_stage_ros2/install/stage/share/stage/worlds/beacons.inc
[1.256s] -- Up-to-date: /home/vboxuser/Downloads/trabalho_stage_ros2/install/stage/share/stage/worlds/chatterbox.inc
[1.273s] -- Up-to-date: /home/vboxuser/Downloads/trabalho_stage_ros2/install/stage/share/stage/worlds/hokuyo.inc
[1.273s] -- Up-to-date: /home/vboxuser/Downloads/trabalho_stage_ros2/install/stage/share/stage/worlds/irobot.inc
[1.273s] -- Up-to-date: /home/vboxuser/Downloads/trabalho_stage_ros2/install/stage/share/stage/worlds/map.inc
[1.273s] -- Up-to-date: /home/vboxuser/Downloads/trabalho_stage_ros2/install/stage/share/stage/worlds/objects.inc
[1.274s] -- Up-to-date: /home/vboxuser/Downloads/trabalho_stage_ros2/install/stage/share/stage/worlds/pantilt.inc
[1.274s] -- Up-to-date: /home/vboxuser/Downloads/trabalho_stage_ros2/install/stage/share/stage/worlds/pioneer.inc
[1.274s] -- Up-to-date: /home/vboxuser/Downloads/trabalho_stage_ros2/install/stage/share/stage/worlds/sick.inc
[1.274s] -- Up-to-date: /home/vboxuser/Downloads/trabalho_stage_ros2/install/stage/share/stage/worlds/ubot.inc
[1.274s] -- Up-to-date: /home/vboxuser/Downloads/trabalho_stage_ros2/install/stage/share/stage/worlds/uoa_robotics_lab_models.inc
[1.275s] -- Up-to-date: /home/vboxuser/Downloads/trabalho_stage_ros2/install/stage/share/stage/worlds/walle.inc
[1.275s] -- Up-to-date: /home/vboxuser/Downloads/trabalho_stage_ros2/install/stage/share/stage/worlds/cfggen.sh
[1.275s] -- Up-to-date: /home/vboxuser/Downloads/trabalho_stage_ros2/install/stage/share/stage/worlds/test.sh
[1.275s] -- Up-to-date: /home/vboxuser/Downloads/trabalho_stage_ros2/install/stage/share/stage/worlds/worldgen.sh
[1.275s] -- Up-to-date: /home/vboxuser/Downloads/trabalho_stage_ros2/install/stage/lib/Stage-4.3/expand_swarm.so
[1.276s] -- Up-to-date: /home/vboxuser/Downloads/trabalho_stage_ros2/install/stage/lib/Stage-4.3/expand_pioneer.so
[1.276s] -- Up-to-date: /home/vboxuser/Downloads/trabalho_stage_ros2/install/stage/share/stage/worlds/bitmaps/889_05.png
[1.276s] -- Up-to-date: /home/vboxuser/Downloads/trabalho_stage_ros2/install/stage/share/stage/worlds/bitmaps/SFU_1200x615.png
[1.276s] -- Up-to-date: /home/vboxuser/Downloads/trabalho_stage_ros2/install/stage/share/stage/worlds/bitmaps/SRI-AIC-kwing.png
[1.276s] -- Up-to-date: /home/vboxuser/Downloads/trabalho_stage_ros2/install/stage/share/stage/worlds/bitmaps/autolab.png
[1.277s] -- Up-to-date: /home/vboxuser/Downloads/trabalho_stage_ros2/install/stage/share/stage/worlds/bitmaps/cave.png
[1.277s] -- Up-to-date: /home/vboxuser/Downloads/trabalho_stage_ros2/install/stage/share/stage/worlds/bitmaps/cave_compact.png
[1.277s] -- Up-to-date: /home/vboxuser/Downloads/trabalho_stage_ros2/install/stage/share/stage/worlds/bitmaps/cave_filled.png
[1.277s] -- Up-to-date: /home/vboxuser/Downloads/trabalho_stage_ros2/install/stage/share/stage/worlds/bitmaps/frieburg.png
[1.277s] -- Up-to-date: /home/vboxuser/Downloads/trabalho_stage_ros2/install/stage/share/stage/worlds/bitmaps/ghost.png
[1.277s] -- Up-to-date: /home/vboxuser/Downloads/trabalho_stage_ros2/install/stage/share/stage/worlds/bitmaps/hospital.png
[1.278s] -- Up-to-date: /home/vboxuser/Downloads/trabalho_stage_ros2/install/stage/share/stage/worlds/bitmaps/hospital_section.png
[1.278s] -- Up-to-date: /home/vboxuser/Downloads/trabalho_stage_ros2/install/stage/share/stage/worlds/bitmaps/human_outline.png
[1.278s] -- Up-to-date: /home/vboxuser/Downloads/trabalho_stage_ros2/install/stage/share/stage/worlds/bitmaps/mbicp.png
[1.278s] -- Up-to-date: /home/vboxuser/Downloads/trabalho_stage_ros2/install/stage/share/stage/worlds/bitmaps/rink.png
[1.278s] -- Up-to-date: /home/vboxuser/Downloads/trabalho_stage_ros2/install/stage/share/stage/worlds/bitmaps/sal2.png
[1.279s] -- Up-to-date: /home/vboxuser/Downloads/trabalho_stage_ros2/install/stage/share/stage/worlds/bitmaps/simple_rooms.png
[1.279s] -- Up-to-date: /home/vboxuser/Downloads/trabalho_stage_ros2/install/stage/share/stage/worlds/bitmaps/space_invader.png
[1.279s] -- Up-to-date: /home/vboxuser/Downloads/trabalho_stage_ros2/install/stage/share/stage/worlds/bitmaps/submarine.png
[1.285s] -- Up-to-date: /home/vboxuser/Downloads/trabalho_stage_ros2/install/stage/share/stage/worlds/bitmaps/submarine_small.png
[1.285s] -- Up-to-date: /home/vboxuser/Downloads/trabalho_stage_ros2/install/stage/share/stage/worlds/bitmaps/table.png
[1.285s] -- Up-to-date: /home/vboxuser/Downloads/trabalho_stage_ros2/install/stage/share/stage/worlds/bitmaps/uoa_robotics_lab.png
[1.286s] -- Up-to-date: /home/vboxuser/Downloads/trabalho_stage_ros2/install/stage/share/stage/worlds/wifi/commando.world
[1.286s] -- Up-to-date: /home/vboxuser/Downloads/trabalho_stage_ros2/install/stage/share/stage/worlds/wifi/hosp_wifi.world
[1.286s] -- Up-to-date: /home/vboxuser/Downloads/trabalho_stage_ros2/install/stage/share/stage/worlds/wifi/hosp_wifi_5.world
[1.286s] -- Up-to-date: /home/vboxuser/Downloads/trabalho_stage_ros2/install/stage/share/stage/worlds/wifi/wifi.world
[1.286s] -- Up-to-date: /home/vboxuser/Downloads/trabalho_stage_ros2/install/stage/share/stage/worlds/wifi/wifi_itu.world
[1.287s] -- Up-to-date: /home/vboxuser/Downloads/trabalho_stage_ros2/install/stage/share/stage/worlds/wifi/wifi_logdistance.world
[1.287s] -- Up-to-date: /home/vboxuser/Downloads/trabalho_stage_ros2/install/stage/share/stage/worlds/wifi/wifi_ray.world
[1.287s] -- Up-to-date: /home/vboxuser/Downloads/trabalho_stage_ros2/install/stage/share/stage/worlds/wifi/wifi_simple.world
[1.287s] -- Up-to-date: /home/vboxuser/Downloads/trabalho_stage_ros2/install/stage/share/stage/worlds/wifi/map.inc
[1.288s] Invoked command in '/home/vboxuser/Downloads/trabalho_stage_ros2/build/stage' returned '0': /usr/bin/cmake --install /home/vboxuser/Downloads/trabalho_stage_ros2/build/stage
