running egg_info
creating ../../build/my_py_pkg/my_py_pkg.egg-info
writing ../../build/my_py_pkg/my_py_pkg.egg-info/PKG-INFO
writing dependency_links to ../../build/my_py_pkg/my_py_pkg.egg-info/dependency_links.txt
writing entry points to ../../build/my_py_pkg/my_py_pkg.egg-info/entry_points.txt
writing requirements to ../../build/my_py_pkg/my_py_pkg.egg-info/requires.txt
writing top-level names to ../../build/my_py_pkg/my_py_pkg.egg-info/top_level.txt
writing manifest file '../../build/my_py_pkg/my_py_pkg.egg-info/SOURCES.txt'
reading manifest file '../../build/my_py_pkg/my_py_pkg.egg-info/SOURCES.txt'
writing manifest file '../../build/my_py_pkg/my_py_pkg.egg-info/SOURCES.txt'
running build
running build_py
creating /home/vboxuser/Downloads/trabalho_stage_ros2/build/my_py_pkg/build
creating /home/vboxuser/Downloads/trabalho_stage_ros2/build/my_py_pkg/build/lib
creating /home/vboxuser/Downloads/trabalho_stage_ros2/build/my_py_pkg/build/lib/my_py_pkg
copying my_py_pkg/robot_controller_node.py -> /home/vboxuser/Downloads/trabalho_stage_ros2/build/my_py_pkg/build/lib/my_py_pkg
copying my_py_pkg/__init__.py -> /home/vboxuser/Downloads/trabalho_stage_ros2/build/my_py_pkg/build/lib/my_py_pkg
running install
running install_lib
creating /home/vboxuser/Downloads/trabalho_stage_ros2/install/my_py_pkg/lib/python3.10/site-packages/my_py_pkg
copying /home/vboxuser/Downloads/trabalho_stage_ros2/build/my_py_pkg/build/lib/my_py_pkg/robot_controller_node.py -> /home/vboxuser/Downloads/trabalho_stage_ros2/install/my_py_pkg/lib/python3.10/site-packages/my_py_pkg
copying /home/vboxuser/Downloads/trabalho_stage_ros2/build/my_py_pkg/build/lib/my_py_pkg/__init__.py -> /home/vboxuser/Downloads/trabalho_stage_ros2/install/my_py_pkg/lib/python3.10/site-packages/my_py_pkg
byte-compiling /home/vboxuser/Downloads/trabalho_stage_ros2/install/my_py_pkg/lib/python3.10/site-packages/my_py_pkg/robot_controller_node.py to robot_controller_node.cpython-310.pyc
byte-compiling /home/vboxuser/Downloads/trabalho_stage_ros2/install/my_py_pkg/lib/python3.10/site-packages/my_py_pkg/__init__.py to __init__.cpython-310.pyc
running install_data
creating /home/vboxuser/Downloads/trabalho_stage_ros2/install/my_py_pkg/share/ament_index
creating /home/vboxuser/Downloads/trabalho_stage_ros2/install/my_py_pkg/share/ament_index/resource_index
creating /home/vboxuser/Downloads/trabalho_stage_ros2/install/my_py_pkg/share/ament_index/resource_index/packages
copying resource/my_py_pkg -> /home/vboxuser/Downloads/trabalho_stage_ros2/install/my_py_pkg/share/ament_index/resource_index/packages
copying package.xml -> /home/vboxuser/Downloads/trabalho_stage_ros2/install/my_py_pkg/share/my_py_pkg
running install_egg_info
Copying ../../build/my_py_pkg/my_py_pkg.egg-info to /home/vboxuser/Downloads/trabalho_stage_ros2/install/my_py_pkg/lib/python3.10/site-packages/my_py_pkg-0.0.0-py3.10.egg-info
running install_scripts
Installing robot_controller script to /home/vboxuser/Downloads/trabalho_stage_ros2/install/my_py_pkg/lib/my_py_pkg
writing list of installed files to '/home/vboxuser/Downloads/trabalho_stage_ros2/build/my_py_pkg/install.log'
