[2.407s] Invoking command in '/home/vboxuser/Downloads/trabalho_stage_ros2/src/my_py_pkg': PYTHONPATH=/home/vboxuser/Downloads/trabalho_stage_ros2/build/my_py_pkg/prefix_override:/usr/lib/python3/dist-packages/colcon_core/task/python/colcon_distutils_commands:/home/vboxuser/Downloads/trabalho_stage_ros2/install/my_py_pkg/lib/python3.10/site-packages: /usr/bin/python3 -W ignore:setup.py install is deprecated -W ignore:easy_install command is deprecated setup.py egg_info --egg-base ../../build/my_py_pkg build --build-base /home/vboxuser/Downloads/trabalho_stage_ros2/build/my_py_pkg/build install --record /home/vboxuser/Downloads/trabalho_stage_ros2/build/my_py_pkg/install.log --single-version-externally-managed install_data
[3.250s] running egg_info
[3.251s] creating ../../build/my_py_pkg/my_py_pkg.egg-info
[3.254s] writing ../../build/my_py_pkg/my_py_pkg.egg-info/PKG-INFO
[3.255s] writing dependency_links to ../../build/my_py_pkg/my_py_pkg.egg-info/dependency_links.txt
[3.255s] writing entry points to ../../build/my_py_pkg/my_py_pkg.egg-info/entry_points.txt
[3.257s] writing requirements to ../../build/my_py_pkg/my_py_pkg.egg-info/requires.txt
[3.258s] writing top-level names to ../../build/my_py_pkg/my_py_pkg.egg-info/top_level.txt
[3.259s] writing manifest file '../../build/my_py_pkg/my_py_pkg.egg-info/SOURCES.txt'
[3.263s] reading manifest file '../../build/my_py_pkg/my_py_pkg.egg-info/SOURCES.txt'
[3.267s] writing manifest file '../../build/my_py_pkg/my_py_pkg.egg-info/SOURCES.txt'
[3.268s] running build
[3.270s] running build_py
[3.271s] creating /home/vboxuser/Downloads/trabalho_stage_ros2/build/my_py_pkg/build
[3.271s] creating /home/vboxuser/Downloads/trabalho_stage_ros2/build/my_py_pkg/build/lib
[3.272s] creating /home/vboxuser/Downloads/trabalho_stage_ros2/build/my_py_pkg/build/lib/my_py_pkg
[3.272s] copying my_py_pkg/robot_controller_node.py -> /home/vboxuser/Downloads/trabalho_stage_ros2/build/my_py_pkg/build/lib/my_py_pkg
[3.273s] copying my_py_pkg/__init__.py -> /home/vboxuser/Downloads/trabalho_stage_ros2/build/my_py_pkg/build/lib/my_py_pkg
[3.275s] running install
[3.276s] running install_lib
[3.279s] creating /home/vboxuser/Downloads/trabalho_stage_ros2/install/my_py_pkg/lib/python3.10/site-packages/my_py_pkg
[3.279s] copying /home/vboxuser/Downloads/trabalho_stage_ros2/build/my_py_pkg/build/lib/my_py_pkg/robot_controller_node.py -> /home/vboxuser/Downloads/trabalho_stage_ros2/install/my_py_pkg/lib/python3.10/site-packages/my_py_pkg
[3.282s] copying /home/vboxuser/Downloads/trabalho_stage_ros2/build/my_py_pkg/build/lib/my_py_pkg/__init__.py -> /home/vboxuser/Downloads/trabalho_stage_ros2/install/my_py_pkg/lib/python3.10/site-packages/my_py_pkg
[3.282s] byte-compiling /home/vboxuser/Downloads/trabalho_stage_ros2/install/my_py_pkg/lib/python3.10/site-packages/my_py_pkg/robot_controller_node.py to robot_controller_node.cpython-310.pyc
[3.285s] byte-compiling /home/vboxuser/Downloads/trabalho_stage_ros2/install/my_py_pkg/lib/python3.10/site-packages/my_py_pkg/__init__.py to __init__.cpython-310.pyc
[3.287s] running install_data
[3.288s] creating /home/vboxuser/Downloads/trabalho_stage_ros2/install/my_py_pkg/share/ament_index
[3.288s] creating /home/vboxuser/Downloads/trabalho_stage_ros2/install/my_py_pkg/share/ament_index/resource_index
[3.290s] creating /home/vboxuser/Downloads/trabalho_stage_ros2/install/my_py_pkg/share/ament_index/resource_index/packages
[3.292s] copying resource/my_py_pkg -> /home/vboxuser/Downloads/trabalho_stage_ros2/install/my_py_pkg/share/ament_index/resource_index/packages
[3.293s] copying package.xml -> /home/vboxuser/Downloads/trabalho_stage_ros2/install/my_py_pkg/share/my_py_pkg
[3.298s] running install_egg_info
[3.299s] Copying ../../build/my_py_pkg/my_py_pkg.egg-info to /home/vboxuser/Downloads/trabalho_stage_ros2/install/my_py_pkg/lib/python3.10/site-packages/my_py_pkg-0.0.0-py3.10.egg-info
[3.301s] running install_scripts
[3.388s] Installing robot_controller script to /home/vboxuser/Downloads/trabalho_stage_ros2/install/my_py_pkg/lib/my_py_pkg
[3.390s] writing list of installed files to '/home/vboxuser/Downloads/trabalho_stage_ros2/build/my_py_pkg/install.log'
[3.498s] Invoked command in '/home/vboxuser/Downloads/trabalho_stage_ros2/src/my_py_pkg' returned '0': PYTHONPATH=/home/vboxuser/Downloads/trabalho_stage_ros2/build/my_py_pkg/prefix_override:/usr/lib/python3/dist-packages/colcon_core/task/python/colcon_distutils_commands:/home/vboxuser/Downloads/trabalho_stage_ros2/install/my_py_pkg/lib/python3.10/site-packages: /usr/bin/python3 -W ignore:setup.py install is deprecated -W ignore:easy_install command is deprecated setup.py egg_info --egg-base ../../build/my_py_pkg build --build-base /home/vboxuser/Downloads/trabalho_stage_ros2/build/my_py_pkg/build install --record /home/vboxuser/Downloads/trabalho_stage_ros2/build/my_py_pkg/install.log --single-version-externally-managed install_data
