[0.656s] DEBUG:colcon:Command line arguments: ['/usr/bin/colcon', 'build']
[0.657s] DEBUG:colcon:Parsed command line arguments: Namespace(log_base=None, log_level=None, verb_name='build', build_base='build', install_base='install', merge_install=False, symlink_install=False, test_result_base=None, continue_on_error=False, executor='parallel', parallel_workers=1, event_handlers=None, ignore_user_meta=False, metas=['./colcon.meta'], base_paths=['.'], packages_ignore=None, packages_ignore_regex=None, paths=None, packages_up_to=None, packages_up_to_regex=None, packages_above=None, packages_above_and_dependencies=None, packages_above_depth=None, packages_select_by_dep=None, packages_skip_by_dep=None, packages_skip_up_to=None, packages_select_build_failed=False, packages_skip_build_finished=False, packages_select_test_failures=False, packages_skip_test_passed=False, packages_select=None, packages_skip=None, packages_select_regex=None, packages_skip_regex=None, packages_start=None, packages_end=None, allow_overriding=[], cmake_args=None, cmake_target=None, cmake_target_skip_unavailable=False, cmake_clean_cache=False, cmake_clean_first=False, cmake_force_configure=False, ament_cmake_args=None, catkin_cmake_args=None, catkin_skip_building_tests=False, mixin_files=None, mixin=None, verb_parser=<colcon_mixin.mixin.mixin_argument.MixinArgumentDecorator object at 0x7f26eae5d570>, verb_extension=<colcon_core.verb.build.BuildVerb object at 0x7f26eae5cf70>, main=<bound method BuildVerb.main of <colcon_core.verb.build.BuildVerb object at 0x7f26eae5cf70>>, mixin_verb=('build',))
[2.026s] Level 1:colcon.colcon_core.package_discovery:discover_packages(colcon_meta) check parameters
[2.026s] Level 1:colcon.colcon_core.package_discovery:discover_packages(recursive) check parameters
[2.026s] Level 1:colcon.colcon_core.package_discovery:discover_packages(ignore) check parameters
[2.027s] Level 1:colcon.colcon_core.package_discovery:discover_packages(path) check parameters
[2.027s] Level 1:colcon.colcon_core.package_discovery:discover_packages(colcon_meta) discover
[2.027s] Level 1:colcon.colcon_core.package_discovery:discover_packages(recursive) discover
[2.027s] INFO:colcon.colcon_core.package_discovery:Crawling recursively for packages in '/home/vboxuser/Downloads/trabalho_stage_ros2'
[2.027s] Level 1:colcon.colcon_core.package_identification:_identify(.) by extensions ['ignore', 'ignore_ament_install']
[2.027s] Level 1:colcon.colcon_core.package_identification:_identify(.) by extension 'ignore'
[2.028s] Level 1:colcon.colcon_core.package_identification:_identify(.) by extension 'ignore_ament_install'
[2.028s] Level 1:colcon.colcon_core.package_identification:_identify(.) by extensions ['colcon_pkg']
[2.028s] Level 1:colcon.colcon_core.package_identification:_identify(.) by extension 'colcon_pkg'
[2.028s] Level 1:colcon.colcon_core.package_identification:_identify(.) by extensions ['colcon_meta']
[2.028s] Level 1:colcon.colcon_core.package_identification:_identify(.) by extension 'colcon_meta'
[2.029s] Level 1:colcon.colcon_core.package_identification:_identify(.) by extensions ['ros']
[2.029s] Level 1:colcon.colcon_core.package_identification:_identify(.) by extension 'ros'
[2.094s] Level 1:colcon.colcon_core.package_identification:_identify(.) by extensions ['cmake', 'python']
[2.094s] Level 1:colcon.colcon_core.package_identification:_identify(.) by extension 'cmake'
[2.094s] Level 1:colcon.colcon_core.package_identification:_identify(.) by extension 'python'
[2.094s] Level 1:colcon.colcon_core.package_identification:_identify(.) by extensions ['python_setup_py']
[2.095s] Level 1:colcon.colcon_core.package_identification:_identify(.) by extension 'python_setup_py'
[2.095s] Level 1:colcon.colcon_core.package_identification:_identify(build) by extensions ['ignore', 'ignore_ament_install']
[2.095s] Level 1:colcon.colcon_core.package_identification:_identify(build) by extension 'ignore'
[2.095s] Level 1:colcon.colcon_core.package_identification:_identify(build) ignored
[2.096s] Level 1:colcon.colcon_core.package_identification:_identify(install) by extensions ['ignore', 'ignore_ament_install']
[2.096s] Level 1:colcon.colcon_core.package_identification:_identify(install) by extension 'ignore'
[2.096s] Level 1:colcon.colcon_core.package_identification:_identify(install) ignored
[2.096s] Level 1:colcon.colcon_core.package_identification:_identify(log) by extensions ['ignore', 'ignore_ament_install']
[2.097s] Level 1:colcon.colcon_core.package_identification:_identify(log) by extension 'ignore'
[2.097s] Level 1:colcon.colcon_core.package_identification:_identify(log) ignored
[2.097s] Level 1:colcon.colcon_core.package_identification:_identify(src) by extensions ['ignore', 'ignore_ament_install']
[2.097s] Level 1:colcon.colcon_core.package_identification:_identify(src) by extension 'ignore'
[2.097s] Level 1:colcon.colcon_core.package_identification:_identify(src) by extension 'ignore_ament_install'
[2.097s] Level 1:colcon.colcon_core.package_identification:_identify(src) by extensions ['colcon_pkg']
[2.098s] Level 1:colcon.colcon_core.package_identification:_identify(src) by extension 'colcon_pkg'
[2.098s] Level 1:colcon.colcon_core.package_identification:_identify(src) by extensions ['colcon_meta']
[2.098s] Level 1:colcon.colcon_core.package_identification:_identify(src) by extension 'colcon_meta'
[2.098s] Level 1:colcon.colcon_core.package_identification:_identify(src) by extensions ['ros']
[2.098s] Level 1:colcon.colcon_core.package_identification:_identify(src) by extension 'ros'
[2.098s] Level 1:colcon.colcon_core.package_identification:_identify(src) by extensions ['cmake', 'python']
[2.098s] Level 1:colcon.colcon_core.package_identification:_identify(src) by extension 'cmake'
[2.098s] Level 1:colcon.colcon_core.package_identification:_identify(src) by extension 'python'
[2.098s] Level 1:colcon.colcon_core.package_identification:_identify(src) by extensions ['python_setup_py']
[2.099s] Level 1:colcon.colcon_core.package_identification:_identify(src) by extension 'python_setup_py'
[2.099s] Level 1:colcon.colcon_core.package_identification:_identify(src/Stage) by extensions ['ignore', 'ignore_ament_install']
[2.099s] Level 1:colcon.colcon_core.package_identification:_identify(src/Stage) by extension 'ignore'
[2.099s] Level 1:colcon.colcon_core.package_identification:_identify(src/Stage) by extension 'ignore_ament_install'
[2.099s] Level 1:colcon.colcon_core.package_identification:_identify(src/Stage) by extensions ['colcon_pkg']
[2.100s] Level 1:colcon.colcon_core.package_identification:_identify(src/Stage) by extension 'colcon_pkg'
[2.100s] Level 1:colcon.colcon_core.package_identification:_identify(src/Stage) by extensions ['colcon_meta']
[2.100s] Level 1:colcon.colcon_core.package_identification:_identify(src/Stage) by extension 'colcon_meta'
[2.100s] Level 1:colcon.colcon_core.package_identification:_identify(src/Stage) by extensions ['ros']
[2.100s] Level 1:colcon.colcon_core.package_identification:_identify(src/Stage) by extension 'ros'
[2.125s] DEBUG:colcon.colcon_core.package_identification:Package 'src/Stage' with type 'ros.catkin' and name 'stage'
[2.125s] Level 1:colcon.colcon_core.package_identification:_identify(src/my_py_pkg) by extensions ['ignore', 'ignore_ament_install']
[2.125s] Level 1:colcon.colcon_core.package_identification:_identify(src/my_py_pkg) by extension 'ignore'
[2.125s] Level 1:colcon.colcon_core.package_identification:_identify(src/my_py_pkg) by extension 'ignore_ament_install'
[2.126s] Level 1:colcon.colcon_core.package_identification:_identify(src/my_py_pkg) by extensions ['colcon_pkg']
[2.126s] Level 1:colcon.colcon_core.package_identification:_identify(src/my_py_pkg) by extension 'colcon_pkg'
[2.126s] Level 1:colcon.colcon_core.package_identification:_identify(src/my_py_pkg) by extensions ['colcon_meta']
[2.126s] Level 1:colcon.colcon_core.package_identification:_identify(src/my_py_pkg) by extension 'colcon_meta'
[2.126s] Level 1:colcon.colcon_core.package_identification:_identify(src/my_py_pkg) by extensions ['ros']
[2.126s] Level 1:colcon.colcon_core.package_identification:_identify(src/my_py_pkg) by extension 'ros'
[2.128s] DEBUG:colcon.colcon_core.package_identification:Package 'src/my_py_pkg' with type 'ros.ament_python' and name 'my_py_pkg'
[2.129s] Level 1:colcon.colcon_core.package_identification:_identify(src/stage_ros2) by extensions ['ignore', 'ignore_ament_install']
[2.129s] Level 1:colcon.colcon_core.package_identification:_identify(src/stage_ros2) by extension 'ignore'
[2.129s] Level 1:colcon.colcon_core.package_identification:_identify(src/stage_ros2) by extension 'ignore_ament_install'
[2.129s] Level 1:colcon.colcon_core.package_identification:_identify(src/stage_ros2) by extensions ['colcon_pkg']
[2.129s] Level 1:colcon.colcon_core.package_identification:_identify(src/stage_ros2) by extension 'colcon_pkg'
[2.129s] Level 1:colcon.colcon_core.package_identification:_identify(src/stage_ros2) by extensions ['colcon_meta']
[2.129s] Level 1:colcon.colcon_core.package_identification:_identify(src/stage_ros2) by extension 'colcon_meta'
[2.130s] Level 1:colcon.colcon_core.package_identification:_identify(src/stage_ros2) by extensions ['ros']
[2.130s] Level 1:colcon.colcon_core.package_identification:_identify(src/stage_ros2) by extension 'ros'
[2.133s] DEBUG:colcon.colcon_core.package_identification:Package 'src/stage_ros2' with type 'ros.ament_cmake' and name 'stage_ros2'
[2.133s] Level 1:colcon.colcon_core.package_discovery:discover_packages(recursive) using defaults
[2.133s] Level 1:colcon.colcon_core.package_discovery:discover_packages(ignore) discover
[2.133s] Level 1:colcon.colcon_core.package_discovery:discover_packages(ignore) using defaults
[2.133s] Level 1:colcon.colcon_core.package_discovery:discover_packages(path) discover
[2.133s] Level 1:colcon.colcon_core.package_discovery:discover_packages(path) using defaults
[2.276s] Level 1:colcon.colcon_core.package_discovery:discover_packages(prefix_path) check parameters
[2.276s] Level 1:colcon.colcon_core.package_discovery:discover_packages(prefix_path) discover
[2.282s] DEBUG:colcon.colcon_installed_package_information.package_discovery:Found 3 installed packages in /home/vboxuser/Downloads/trabalho_stage_ros2/install
[2.286s] DEBUG:colcon.colcon_installed_package_information.package_discovery:Found 271 installed packages in /opt/ros/humble
[2.293s] Level 1:colcon.colcon_core.package_discovery:discover_packages(prefix_path) using defaults
[2.492s] Level 5:colcon.colcon_core.verb:set package 'my_py_pkg' build argument 'cmake_args' from command line to 'None'
[2.492s] Level 5:colcon.colcon_core.verb:set package 'my_py_pkg' build argument 'cmake_target' from command line to 'None'
[2.492s] Level 5:colcon.colcon_core.verb:set package 'my_py_pkg' build argument 'cmake_target_skip_unavailable' from command line to 'False'
[2.493s] Level 5:colcon.colcon_core.verb:set package 'my_py_pkg' build argument 'cmake_clean_cache' from command line to 'False'
[2.493s] Level 5:colcon.colcon_core.verb:set package 'my_py_pkg' build argument 'cmake_clean_first' from command line to 'False'
[2.493s] Level 5:colcon.colcon_core.verb:set package 'my_py_pkg' build argument 'cmake_force_configure' from command line to 'False'
[2.493s] Level 5:colcon.colcon_core.verb:set package 'my_py_pkg' build argument 'ament_cmake_args' from command line to 'None'
[2.493s] Level 5:colcon.colcon_core.verb:set package 'my_py_pkg' build argument 'catkin_cmake_args' from command line to 'None'
[2.493s] Level 5:colcon.colcon_core.verb:set package 'my_py_pkg' build argument 'catkin_skip_building_tests' from command line to 'False'
[2.493s] DEBUG:colcon.colcon_core.verb:Building package 'my_py_pkg' with the following arguments: {'ament_cmake_args': None, 'build_base': '/home/vboxuser/Downloads/trabalho_stage_ros2/build/my_py_pkg', 'catkin_cmake_args': None, 'catkin_skip_building_tests': False, 'cmake_args': None, 'cmake_clean_cache': False, 'cmake_clean_first': False, 'cmake_force_configure': False, 'cmake_target': None, 'cmake_target_skip_unavailable': False, 'install_base': '/home/vboxuser/Downloads/trabalho_stage_ros2/install/my_py_pkg', 'merge_install': False, 'path': '/home/vboxuser/Downloads/trabalho_stage_ros2/src/my_py_pkg', 'symlink_install': False, 'test_result_base': None}
[2.494s] Level 5:colcon.colcon_core.verb:set package 'stage' build argument 'cmake_args' from command line to 'None'
[2.495s] Level 5:colcon.colcon_core.verb:set package 'stage' build argument 'cmake_target' from command line to 'None'
[2.495s] Level 5:colcon.colcon_core.verb:set package 'stage' build argument 'cmake_target_skip_unavailable' from command line to 'False'
[2.495s] Level 5:colcon.colcon_core.verb:set package 'stage' build argument 'cmake_clean_cache' from command line to 'False'
[2.495s] Level 5:colcon.colcon_core.verb:set package 'stage' build argument 'cmake_clean_first' from command line to 'False'
[2.495s] Level 5:colcon.colcon_core.verb:set package 'stage' build argument 'cmake_force_configure' from command line to 'False'
[2.495s] Level 5:colcon.colcon_core.verb:set package 'stage' build argument 'ament_cmake_args' from command line to 'None'
[2.495s] Level 5:colcon.colcon_core.verb:set package 'stage' build argument 'catkin_cmake_args' from command line to 'None'
[2.495s] Level 5:colcon.colcon_core.verb:set package 'stage' build argument 'catkin_skip_building_tests' from command line to 'False'
[2.495s] DEBUG:colcon.colcon_core.verb:Building package 'stage' with the following arguments: {'ament_cmake_args': None, 'build_base': '/home/vboxuser/Downloads/trabalho_stage_ros2/build/stage', 'catkin_cmake_args': None, 'catkin_skip_building_tests': False, 'cmake_args': None, 'cmake_clean_cache': False, 'cmake_clean_first': False, 'cmake_force_configure': False, 'cmake_target': None, 'cmake_target_skip_unavailable': False, 'install_base': '/home/vboxuser/Downloads/trabalho_stage_ros2/install/stage', 'merge_install': False, 'path': '/home/vboxuser/Downloads/trabalho_stage_ros2/src/Stage', 'symlink_install': False, 'test_result_base': None}
[2.497s] Level 5:colcon.colcon_core.verb:set package 'stage_ros2' build argument 'cmake_args' from command line to 'None'
[2.497s] Level 5:colcon.colcon_core.verb:set package 'stage_ros2' build argument 'cmake_target' from command line to 'None'
[2.497s] Level 5:colcon.colcon_core.verb:set package 'stage_ros2' build argument 'cmake_target_skip_unavailable' from command line to 'False'
[2.497s] Level 5:colcon.colcon_core.verb:set package 'stage_ros2' build argument 'cmake_clean_cache' from command line to 'False'
[2.497s] Level 5:colcon.colcon_core.verb:set package 'stage_ros2' build argument 'cmake_clean_first' from command line to 'False'
[2.497s] Level 5:colcon.colcon_core.verb:set package 'stage_ros2' build argument 'cmake_force_configure' from command line to 'False'
[2.497s] Level 5:colcon.colcon_core.verb:set package 'stage_ros2' build argument 'ament_cmake_args' from command line to 'None'
[2.498s] Level 5:colcon.colcon_core.verb:set package 'stage_ros2' build argument 'catkin_cmake_args' from command line to 'None'
[2.498s] Level 5:colcon.colcon_core.verb:set package 'stage_ros2' build argument 'catkin_skip_building_tests' from command line to 'False'
[2.498s] DEBUG:colcon.colcon_core.verb:Building package 'stage_ros2' with the following arguments: {'ament_cmake_args': None, 'build_base': '/home/vboxuser/Downloads/trabalho_stage_ros2/build/stage_ros2', 'catkin_cmake_args': None, 'catkin_skip_building_tests': False, 'cmake_args': None, 'cmake_clean_cache': False, 'cmake_clean_first': False, 'cmake_force_configure': False, 'cmake_target': None, 'cmake_target_skip_unavailable': False, 'install_base': '/home/vboxuser/Downloads/trabalho_stage_ros2/install/stage_ros2', 'merge_install': False, 'path': '/home/vboxuser/Downloads/trabalho_stage_ros2/src/stage_ros2', 'symlink_install': False, 'test_result_base': None}
[2.498s] INFO:colcon.colcon_core.executor:Executing jobs using 'parallel' executor
[2.501s] DEBUG:colcon.colcon_parallel_executor.executor.parallel:run_until_complete
[2.502s] INFO:colcon.colcon_ros.task.ament_python.build:Building ROS package in '/home/vboxuser/Downloads/trabalho_stage_ros2/src/my_py_pkg' with build type 'ament_python'
[2.502s] Level 1:colcon.colcon_core.shell:create_environment_hook('my_py_pkg', 'ament_prefix_path')
[2.508s] INFO:colcon.colcon_core.plugin_system:Skipping extension 'colcon_core.shell.bat': Not used on non-Windows systems
[2.508s] INFO:colcon.colcon_core.shell:Creating environment hook '/home/vboxuser/Downloads/trabalho_stage_ros2/install/my_py_pkg/share/my_py_pkg/hook/ament_prefix_path.ps1'
[2.510s] INFO:colcon.colcon_core.shell:Creating environment descriptor '/home/vboxuser/Downloads/trabalho_stage_ros2/install/my_py_pkg/share/my_py_pkg/hook/ament_prefix_path.dsv'
[2.520s] INFO:colcon.colcon_core.shell:Creating environment hook '/home/vboxuser/Downloads/trabalho_stage_ros2/install/my_py_pkg/share/my_py_pkg/hook/ament_prefix_path.sh'
[2.524s] INFO:colcon.colcon_core.shell:Skip shell extension 'powershell' for command environment: Not usable outside of PowerShell
[2.524s] DEBUG:colcon.colcon_core.shell:Skip shell extension 'dsv' for command environment
[3.686s] INFO:colcon.colcon_core.task.python.build:Building Python package in '/home/vboxuser/Downloads/trabalho_stage_ros2/src/my_py_pkg'
[3.687s] INFO:colcon.colcon_core.shell:Skip shell extension 'powershell' for command environment: Not usable outside of PowerShell
[3.687s] DEBUG:colcon.colcon_core.shell:Skip shell extension 'dsv' for command environment
[4.998s] DEBUG:colcon.colcon_core.event_handler.log_command:Invoking command in '/home/vboxuser/Downloads/trabalho_stage_ros2/src/my_py_pkg': PYTHONPATH=/home/vboxuser/Downloads/trabalho_stage_ros2/build/my_py_pkg/prefix_override:/usr/lib/python3/dist-packages/colcon_core/task/python/colcon_distutils_commands:/home/vboxuser/Downloads/trabalho_stage_ros2/install/my_py_pkg/lib/python3.10/site-packages:${PYTHONPATH} /usr/bin/python3 -W ignore:setup.py install is deprecated -W ignore:easy_install command is deprecated setup.py egg_info --egg-base ../../build/my_py_pkg build --build-base /home/vboxuser/Downloads/trabalho_stage_ros2/build/my_py_pkg/build install --record /home/vboxuser/Downloads/trabalho_stage_ros2/build/my_py_pkg/install.log --single-version-externally-managed install_data
[6.359s] DEBUG:colcon.colcon_core.event_handler.log_command:Invoked command in '/home/vboxuser/Downloads/trabalho_stage_ros2/src/my_py_pkg' returned '0': PYTHONPATH=/home/vboxuser/Downloads/trabalho_stage_ros2/build/my_py_pkg/prefix_override:/usr/lib/python3/dist-packages/colcon_core/task/python/colcon_distutils_commands:/home/vboxuser/Downloads/trabalho_stage_ros2/install/my_py_pkg/lib/python3.10/site-packages:${PYTHONPATH} /usr/bin/python3 -W ignore:setup.py install is deprecated -W ignore:easy_install command is deprecated setup.py egg_info --egg-base ../../build/my_py_pkg build --build-base /home/vboxuser/Downloads/trabalho_stage_ros2/build/my_py_pkg/build install --record /home/vboxuser/Downloads/trabalho_stage_ros2/build/my_py_pkg/install.log --single-version-externally-managed install_data
[6.363s] Level 1:colcon.colcon_core.environment:checking '/home/vboxuser/Downloads/trabalho_stage_ros2/install/my_py_pkg' for CMake module files
[6.365s] Level 1:colcon.colcon_core.environment:checking '/home/vboxuser/Downloads/trabalho_stage_ros2/install/my_py_pkg' for CMake config files
[6.366s] Level 1:colcon.colcon_core.environment:checking '/home/vboxuser/Downloads/trabalho_stage_ros2/install/my_py_pkg/lib'
[6.369s] Level 1:colcon.colcon_core.environment:checking '/home/vboxuser/Downloads/trabalho_stage_ros2/install/my_py_pkg/bin'
[6.370s] Level 1:colcon.colcon_core.environment:checking '/home/vboxuser/Downloads/trabalho_stage_ros2/install/my_py_pkg/lib/pkgconfig/my_py_pkg.pc'
[6.371s] Level 1:colcon.colcon_core.environment:checking '/home/vboxuser/Downloads/trabalho_stage_ros2/install/my_py_pkg/lib/python3.10/site-packages'
[6.371s] Level 1:colcon.colcon_core.shell:create_environment_hook('my_py_pkg', 'pythonpath')
[6.371s] INFO:colcon.colcon_core.shell:Creating environment hook '/home/vboxuser/Downloads/trabalho_stage_ros2/install/my_py_pkg/share/my_py_pkg/hook/pythonpath.ps1'
[6.373s] INFO:colcon.colcon_core.shell:Creating environment descriptor '/home/vboxuser/Downloads/trabalho_stage_ros2/install/my_py_pkg/share/my_py_pkg/hook/pythonpath.dsv'
[6.375s] INFO:colcon.colcon_core.shell:Creating environment hook '/home/vboxuser/Downloads/trabalho_stage_ros2/install/my_py_pkg/share/my_py_pkg/hook/pythonpath.sh'
[6.377s] Level 1:colcon.colcon_core.environment:checking '/home/vboxuser/Downloads/trabalho_stage_ros2/install/my_py_pkg/bin'
[6.377s] Level 1:colcon.colcon_core.environment:create_environment_scripts_only(my_py_pkg)
[6.378s] INFO:colcon.colcon_core.shell:Creating package script '/home/vboxuser/Downloads/trabalho_stage_ros2/install/my_py_pkg/share/my_py_pkg/package.ps1'
[6.381s] INFO:colcon.colcon_core.shell:Creating package descriptor '/home/vboxuser/Downloads/trabalho_stage_ros2/install/my_py_pkg/share/my_py_pkg/package.dsv'
[6.383s] INFO:colcon.colcon_core.shell:Creating package script '/home/vboxuser/Downloads/trabalho_stage_ros2/install/my_py_pkg/share/my_py_pkg/package.sh'
[6.386s] INFO:colcon.colcon_core.shell:Creating package script '/home/vboxuser/Downloads/trabalho_stage_ros2/install/my_py_pkg/share/my_py_pkg/package.bash'
[6.389s] INFO:colcon.colcon_core.shell:Creating package script '/home/vboxuser/Downloads/trabalho_stage_ros2/install/my_py_pkg/share/my_py_pkg/package.zsh'
[6.392s] Level 1:colcon.colcon_core.environment:create_file_with_runtime_dependencies(/home/vboxuser/Downloads/trabalho_stage_ros2/install/my_py_pkg/share/colcon-core/packages/my_py_pkg)
[6.394s] INFO:colcon.colcon_ros.task.catkin.build:Building ROS package in '/home/vboxuser/Downloads/trabalho_stage_ros2/src/Stage' with build type 'catkin'
[6.395s] INFO:colcon.colcon_cmake.task.cmake.build:Building CMake package in '/home/vboxuser/Downloads/trabalho_stage_ros2/src/Stage'
[6.396s] INFO:colcon.colcon_core.shell:Skip shell extension 'powershell' for command environment: Not usable outside of PowerShell
[6.396s] DEBUG:colcon.colcon_core.shell:Skip shell extension 'dsv' for command environment
[6.441s] DEBUG:colcon.colcon_core.event_handler.log_command:Invoking command in '/home/vboxuser/Downloads/trabalho_stage_ros2/build/stage': /usr/bin/cmake --build /home/vboxuser/Downloads/trabalho_stage_ros2/build/stage -- -j1 -l1
[7.569s] DEBUG:colcon.colcon_core.event_handler.log_command:Invoked command in '/home/vboxuser/Downloads/trabalho_stage_ros2/build/stage' returned '0': /usr/bin/cmake --build /home/vboxuser/Downloads/trabalho_stage_ros2/build/stage -- -j1 -l1
[7.601s] DEBUG:colcon.colcon_core.event_handler.log_command:Invoking command in '/home/vboxuser/Downloads/trabalho_stage_ros2/build/stage': /usr/bin/cmake --install /home/vboxuser/Downloads/trabalho_stage_ros2/build/stage
[7.674s] Level 1:colcon.colcon_core.shell:create_environment_hook('stage', 'ros_package_path')
[7.674s] INFO:colcon.colcon_core.shell:Creating environment hook '/home/vboxuser/Downloads/trabalho_stage_ros2/install/stage/share/stage/hook/ros_package_path.ps1'
[7.676s] INFO:colcon.colcon_core.shell:Creating environment descriptor '/home/vboxuser/Downloads/trabalho_stage_ros2/install/stage/share/stage/hook/ros_package_path.dsv'
[7.685s] INFO:colcon.colcon_core.shell:Creating environment hook '/home/vboxuser/Downloads/trabalho_stage_ros2/install/stage/share/stage/hook/ros_package_path.sh'
[7.688s] Level 1:colcon.colcon_core.shell:create_environment_hook('stage', 'pkg_config_path')
[7.689s] INFO:colcon.colcon_core.shell:Creating environment hook '/home/vboxuser/Downloads/trabalho_stage_ros2/install/stage/share/stage/hook/pkg_config_path.ps1'
[7.693s] INFO:colcon.colcon_core.shell:Creating environment descriptor '/home/vboxuser/Downloads/trabalho_stage_ros2/install/stage/share/stage/hook/pkg_config_path.dsv'
[7.695s] INFO:colcon.colcon_core.shell:Creating environment hook '/home/vboxuser/Downloads/trabalho_stage_ros2/install/stage/share/stage/hook/pkg_config_path.sh'
[7.692s] DEBUG:colcon.colcon_core.event_handler.log_command:Invoked command in '/home/vboxuser/Downloads/trabalho_stage_ros2/build/stage' returned '0': /usr/bin/cmake --install /home/vboxuser/Downloads/trabalho_stage_ros2/build/stage
[7.700s] Level 1:colcon.colcon_core.shell:create_environment_hook('stage', 'pkg_config_path_multiarch')
[7.701s] INFO:colcon.colcon_core.shell:Creating environment hook '/home/vboxuser/Downloads/trabalho_stage_ros2/install/stage/share/stage/hook/pkg_config_path_multiarch.ps1'
[7.702s] INFO:colcon.colcon_core.shell:Creating environment descriptor '/home/vboxuser/Downloads/trabalho_stage_ros2/install/stage/share/stage/hook/pkg_config_path_multiarch.dsv'
[7.703s] INFO:colcon.colcon_core.shell:Creating environment hook '/home/vboxuser/Downloads/trabalho_stage_ros2/install/stage/share/stage/hook/pkg_config_path_multiarch.sh'
[7.719s] Level 1:colcon.colcon_core.environment:create_environment_scripts_only(stage)
[7.721s] Level 1:colcon.colcon_core.environment:checking '/home/vboxuser/Downloads/trabalho_stage_ros2/install/stage' for CMake module files
[7.722s] Level 1:colcon.colcon_core.environment:checking '/home/vboxuser/Downloads/trabalho_stage_ros2/install/stage' for CMake config files
[7.723s] Level 1:colcon.colcon_core.shell:create_environment_hook('stage', 'cmake_prefix_path')
[7.727s] INFO:colcon.colcon_core.shell:Creating environment hook '/home/vboxuser/Downloads/trabalho_stage_ros2/install/stage/share/stage/hook/cmake_prefix_path.ps1'
[7.729s] INFO:colcon.colcon_core.shell:Creating environment descriptor '/home/vboxuser/Downloads/trabalho_stage_ros2/install/stage/share/stage/hook/cmake_prefix_path.dsv'
[7.730s] INFO:colcon.colcon_core.shell:Creating environment hook '/home/vboxuser/Downloads/trabalho_stage_ros2/install/stage/share/stage/hook/cmake_prefix_path.sh'
[7.732s] Level 1:colcon.colcon_core.environment:checking '/home/vboxuser/Downloads/trabalho_stage_ros2/install/stage/lib'
[7.732s] Level 1:colcon.colcon_core.shell:create_environment_hook('stage', 'ld_library_path_lib')
[7.733s] INFO:colcon.colcon_core.shell:Creating environment hook '/home/vboxuser/Downloads/trabalho_stage_ros2/install/stage/share/stage/hook/ld_library_path_lib.ps1'
[7.735s] INFO:colcon.colcon_core.shell:Creating environment descriptor '/home/vboxuser/Downloads/trabalho_stage_ros2/install/stage/share/stage/hook/ld_library_path_lib.dsv'
[7.736s] INFO:colcon.colcon_core.shell:Creating environment hook '/home/vboxuser/Downloads/trabalho_stage_ros2/install/stage/share/stage/hook/ld_library_path_lib.sh'
[7.737s] Level 1:colcon.colcon_core.environment:checking '/home/vboxuser/Downloads/trabalho_stage_ros2/install/stage/bin'
[7.738s] Level 1:colcon.colcon_core.shell:create_environment_hook('stage', 'path')
[7.738s] INFO:colcon.colcon_core.shell:Creating environment hook '/home/vboxuser/Downloads/trabalho_stage_ros2/install/stage/share/stage/hook/path.ps1'
[7.740s] INFO:colcon.colcon_core.shell:Creating environment descriptor '/home/vboxuser/Downloads/trabalho_stage_ros2/install/stage/share/stage/hook/path.dsv'
[7.741s] INFO:colcon.colcon_core.shell:Creating environment hook '/home/vboxuser/Downloads/trabalho_stage_ros2/install/stage/share/stage/hook/path.sh'
[7.743s] Level 1:colcon.colcon_core.environment:checking '/home/vboxuser/Downloads/trabalho_stage_ros2/install/stage/lib/pkgconfig/stage.pc'
[7.743s] Level 1:colcon.colcon_core.shell:create_environment_hook('stage', 'pkg_config')
[7.744s] INFO:colcon.colcon_core.shell:Creating environment hook '/home/vboxuser/Downloads/trabalho_stage_ros2/install/stage/share/stage/hook/pkg_config.ps1'
[7.745s] INFO:colcon.colcon_core.shell:Creating environment descriptor '/home/vboxuser/Downloads/trabalho_stage_ros2/install/stage/share/stage/hook/pkg_config.dsv'
[7.746s] INFO:colcon.colcon_core.shell:Creating environment hook '/home/vboxuser/Downloads/trabalho_stage_ros2/install/stage/share/stage/hook/pkg_config.sh'
[7.749s] Level 1:colcon.colcon_core.environment:checking '/home/vboxuser/Downloads/trabalho_stage_ros2/install/stage/lib/python3.10/site-packages'
[7.749s] Level 1:colcon.colcon_core.environment:checking '/home/vboxuser/Downloads/trabalho_stage_ros2/install/stage/bin'
[7.750s] Level 1:colcon.colcon_core.shell:create_environment_hook('stage', 'pythonscriptspath')
[7.750s] INFO:colcon.colcon_core.shell:Creating environment hook '/home/vboxuser/Downloads/trabalho_stage_ros2/install/stage/share/stage/hook/pythonscriptspath.ps1'
[7.752s] INFO:colcon.colcon_core.shell:Creating environment descriptor '/home/vboxuser/Downloads/trabalho_stage_ros2/install/stage/share/stage/hook/pythonscriptspath.dsv'
[7.753s] INFO:colcon.colcon_core.shell:Creating environment hook '/home/vboxuser/Downloads/trabalho_stage_ros2/install/stage/share/stage/hook/pythonscriptspath.sh'
[7.757s] INFO:colcon.colcon_core.shell:Creating package script '/home/vboxuser/Downloads/trabalho_stage_ros2/install/stage/share/stage/package.ps1'
[7.760s] INFO:colcon.colcon_core.shell:Creating package descriptor '/home/vboxuser/Downloads/trabalho_stage_ros2/install/stage/share/stage/package.dsv'
[7.762s] INFO:colcon.colcon_core.shell:Creating package script '/home/vboxuser/Downloads/trabalho_stage_ros2/install/stage/share/stage/package.sh'
[7.770s] INFO:colcon.colcon_core.shell:Creating package script '/home/vboxuser/Downloads/trabalho_stage_ros2/install/stage/share/stage/package.bash'
[7.773s] INFO:colcon.colcon_core.shell:Creating package script '/home/vboxuser/Downloads/trabalho_stage_ros2/install/stage/share/stage/package.zsh'
[7.775s] Level 1:colcon.colcon_core.environment:create_file_with_runtime_dependencies(/home/vboxuser/Downloads/trabalho_stage_ros2/install/stage/share/colcon-core/packages/stage)
[7.779s] INFO:colcon.colcon_ros.task.ament_cmake.build:Building ROS package in '/home/vboxuser/Downloads/trabalho_stage_ros2/src/stage_ros2' with build type 'ament_cmake'
[7.780s] INFO:colcon.colcon_cmake.task.cmake.build:Building CMake package in '/home/vboxuser/Downloads/trabalho_stage_ros2/src/stage_ros2'
[7.786s] INFO:colcon.colcon_core.shell:Skip shell extension 'powershell' for command environment: Not usable outside of PowerShell
[7.787s] DEBUG:colcon.colcon_core.shell:Skip shell extension 'dsv' for command environment
[7.859s] DEBUG:colcon.colcon_core.event_handler.log_command:Invoking command in '/home/vboxuser/Downloads/trabalho_stage_ros2/build/stage_ros2': CMAKE_PREFIX_PATH=/home/vboxuser/Downloads/trabalho_stage_ros2/install/stage_ros2:/home/vboxuser/Downloads/trabalho_stage_ros2/install/my_py_pkg:/opt/ros/humble:/home/vboxuser/Downloads/trabalho_stage_ros2/install/stage /usr/bin/cmake --build /home/vboxuser/Downloads/trabalho_stage_ros2/build/stage_ros2 -- -j1 -l1
[8.231s] DEBUG:colcon.colcon_core.event_handler.log_command:Invoked command in '/home/vboxuser/Downloads/trabalho_stage_ros2/build/stage_ros2' returned '0': CMAKE_PREFIX_PATH=/home/vboxuser/Downloads/trabalho_stage_ros2/install/stage_ros2:/home/vboxuser/Downloads/trabalho_stage_ros2/install/my_py_pkg:/opt/ros/humble:/home/vboxuser/Downloads/trabalho_stage_ros2/install/stage /usr/bin/cmake --build /home/vboxuser/Downloads/trabalho_stage_ros2/build/stage_ros2 -- -j1 -l1
[8.232s] DEBUG:colcon.colcon_core.event_handler.log_command:Invoking command in '/home/vboxuser/Downloads/trabalho_stage_ros2/build/stage_ros2': CMAKE_PREFIX_PATH=/home/vboxuser/Downloads/trabalho_stage_ros2/install/stage_ros2:/home/vboxuser/Downloads/trabalho_stage_ros2/install/my_py_pkg:/opt/ros/humble:/home/vboxuser/Downloads/trabalho_stage_ros2/install/stage /usr/bin/cmake --install /home/vboxuser/Downloads/trabalho_stage_ros2/build/stage_ros2
[8.307s] Level 1:colcon.colcon_core.environment:create_environment_scripts_only(stage_ros2)
[8.308s] Level 1:colcon.colcon_core.environment:checking '/home/vboxuser/Downloads/trabalho_stage_ros2/install/stage_ros2' for CMake module files
[8.310s] Level 1:colcon.colcon_core.environment:checking '/home/vboxuser/Downloads/trabalho_stage_ros2/install/stage_ros2' for CMake config files
[8.311s] Level 1:colcon.colcon_core.shell:create_environment_hook('stage_ros2', 'cmake_prefix_path')
[8.312s] INFO:colcon.colcon_core.shell:Creating environment hook '/home/vboxuser/Downloads/trabalho_stage_ros2/install/stage_ros2/share/stage_ros2/hook/cmake_prefix_path.ps1'
[8.314s] INFO:colcon.colcon_core.shell:Creating environment descriptor '/home/vboxuser/Downloads/trabalho_stage_ros2/install/stage_ros2/share/stage_ros2/hook/cmake_prefix_path.dsv'
[8.316s] DEBUG:colcon.colcon_core.event_handler.log_command:Invoked command in '/home/vboxuser/Downloads/trabalho_stage_ros2/build/stage_ros2' returned '0': CMAKE_PREFIX_PATH=/home/vboxuser/Downloads/trabalho_stage_ros2/install/stage_ros2:/home/vboxuser/Downloads/trabalho_stage_ros2/install/my_py_pkg:/opt/ros/humble:/home/vboxuser/Downloads/trabalho_stage_ros2/install/stage /usr/bin/cmake --install /home/vboxuser/Downloads/trabalho_stage_ros2/build/stage_ros2
[8.317s] INFO:colcon.colcon_core.shell:Creating environment hook '/home/vboxuser/Downloads/trabalho_stage_ros2/install/stage_ros2/share/stage_ros2/hook/cmake_prefix_path.sh'
[8.319s] Level 1:colcon.colcon_core.environment:checking '/home/vboxuser/Downloads/trabalho_stage_ros2/install/stage_ros2/lib'
[8.319s] Level 1:colcon.colcon_core.shell:create_environment_hook('stage_ros2', 'ld_library_path_lib')
[8.321s] INFO:colcon.colcon_core.shell:Creating environment hook '/home/vboxuser/Downloads/trabalho_stage_ros2/install/stage_ros2/share/stage_ros2/hook/ld_library_path_lib.ps1'
[8.322s] INFO:colcon.colcon_core.shell:Creating environment descriptor '/home/vboxuser/Downloads/trabalho_stage_ros2/install/stage_ros2/share/stage_ros2/hook/ld_library_path_lib.dsv'
[8.324s] INFO:colcon.colcon_core.shell:Creating environment hook '/home/vboxuser/Downloads/trabalho_stage_ros2/install/stage_ros2/share/stage_ros2/hook/ld_library_path_lib.sh'
[8.325s] Level 1:colcon.colcon_core.environment:checking '/home/vboxuser/Downloads/trabalho_stage_ros2/install/stage_ros2/bin'
[8.326s] Level 1:colcon.colcon_core.environment:checking '/home/vboxuser/Downloads/trabalho_stage_ros2/install/stage_ros2/lib/pkgconfig/stage_ros2.pc'
[8.326s] Level 1:colcon.colcon_core.environment:checking '/home/vboxuser/Downloads/trabalho_stage_ros2/install/stage_ros2/lib/python3.10/site-packages'
[8.327s] Level 1:colcon.colcon_core.environment:checking '/home/vboxuser/Downloads/trabalho_stage_ros2/install/stage_ros2/bin'
[8.328s] INFO:colcon.colcon_core.shell:Creating package script '/home/vboxuser/Downloads/trabalho_stage_ros2/install/stage_ros2/share/stage_ros2/package.ps1'
[8.330s] INFO:colcon.colcon_core.shell:Creating package descriptor '/home/vboxuser/Downloads/trabalho_stage_ros2/install/stage_ros2/share/stage_ros2/package.dsv'
[8.331s] INFO:colcon.colcon_core.shell:Creating package script '/home/vboxuser/Downloads/trabalho_stage_ros2/install/stage_ros2/share/stage_ros2/package.sh'
[8.333s] INFO:colcon.colcon_core.shell:Creating package script '/home/vboxuser/Downloads/trabalho_stage_ros2/install/stage_ros2/share/stage_ros2/package.bash'
[8.334s] INFO:colcon.colcon_core.shell:Creating package script '/home/vboxuser/Downloads/trabalho_stage_ros2/install/stage_ros2/share/stage_ros2/package.zsh'
[8.336s] Level 1:colcon.colcon_core.environment:create_file_with_runtime_dependencies(/home/vboxuser/Downloads/trabalho_stage_ros2/install/stage_ros2/share/colcon-core/packages/stage_ros2)
[8.338s] Level 1:colcon.colcon_core.environment:create_environment_scripts_only(stage_ros2)
[8.338s] Level 1:colcon.colcon_core.environment:checking '/home/vboxuser/Downloads/trabalho_stage_ros2/install/stage_ros2' for CMake module files
[8.340s] Level 1:colcon.colcon_core.environment:checking '/home/vboxuser/Downloads/trabalho_stage_ros2/install/stage_ros2' for CMake config files
[8.354s] Level 1:colcon.colcon_core.shell:create_environment_hook('stage_ros2', 'cmake_prefix_path')
[8.355s] INFO:colcon.colcon_core.shell:Creating environment hook '/home/vboxuser/Downloads/trabalho_stage_ros2/install/stage_ros2/share/stage_ros2/hook/cmake_prefix_path.ps1'
[8.356s] INFO:colcon.colcon_core.shell:Creating environment descriptor '/home/vboxuser/Downloads/trabalho_stage_ros2/install/stage_ros2/share/stage_ros2/hook/cmake_prefix_path.dsv'
[8.359s] INFO:colcon.colcon_core.shell:Creating environment hook '/home/vboxuser/Downloads/trabalho_stage_ros2/install/stage_ros2/share/stage_ros2/hook/cmake_prefix_path.sh'
[8.361s] Level 1:colcon.colcon_core.environment:checking '/home/vboxuser/Downloads/trabalho_stage_ros2/install/stage_ros2/lib'
[8.362s] Level 1:colcon.colcon_core.shell:create_environment_hook('stage_ros2', 'ld_library_path_lib')
[8.362s] INFO:colcon.colcon_core.shell:Creating environment hook '/home/vboxuser/Downloads/trabalho_stage_ros2/install/stage_ros2/share/stage_ros2/hook/ld_library_path_lib.ps1'
[8.364s] INFO:colcon.colcon_core.shell:Creating environment descriptor '/home/vboxuser/Downloads/trabalho_stage_ros2/install/stage_ros2/share/stage_ros2/hook/ld_library_path_lib.dsv'
[8.365s] INFO:colcon.colcon_core.shell:Creating environment hook '/home/vboxuser/Downloads/trabalho_stage_ros2/install/stage_ros2/share/stage_ros2/hook/ld_library_path_lib.sh'
[8.368s] Level 1:colcon.colcon_core.environment:checking '/home/vboxuser/Downloads/trabalho_stage_ros2/install/stage_ros2/bin'
[8.368s] Level 1:colcon.colcon_core.environment:checking '/home/vboxuser/Downloads/trabalho_stage_ros2/install/stage_ros2/lib/pkgconfig/stage_ros2.pc'
[8.369s] Level 1:colcon.colcon_core.environment:checking '/home/vboxuser/Downloads/trabalho_stage_ros2/install/stage_ros2/lib/python3.10/site-packages'
[8.370s] Level 1:colcon.colcon_core.environment:checking '/home/vboxuser/Downloads/trabalho_stage_ros2/install/stage_ros2/bin'
[8.371s] INFO:colcon.colcon_core.shell:Creating package script '/home/vboxuser/Downloads/trabalho_stage_ros2/install/stage_ros2/share/stage_ros2/package.ps1'
[8.373s] INFO:colcon.colcon_core.shell:Creating package descriptor '/home/vboxuser/Downloads/trabalho_stage_ros2/install/stage_ros2/share/stage_ros2/package.dsv'
[8.375s] INFO:colcon.colcon_core.shell:Creating package script '/home/vboxuser/Downloads/trabalho_stage_ros2/install/stage_ros2/share/stage_ros2/package.sh'
[8.377s] INFO:colcon.colcon_core.shell:Creating package script '/home/vboxuser/Downloads/trabalho_stage_ros2/install/stage_ros2/share/stage_ros2/package.bash'
[8.378s] INFO:colcon.colcon_core.shell:Creating package script '/home/vboxuser/Downloads/trabalho_stage_ros2/install/stage_ros2/share/stage_ros2/package.zsh'
[8.380s] Level 1:colcon.colcon_core.environment:create_file_with_runtime_dependencies(/home/vboxuser/Downloads/trabalho_stage_ros2/install/stage_ros2/share/colcon-core/packages/stage_ros2)
[8.383s] DEBUG:colcon.colcon_parallel_executor.executor.parallel:closing loop
[8.383s] DEBUG:colcon.colcon_parallel_executor.executor.parallel:loop closed
[8.384s] DEBUG:colcon.colcon_parallel_executor.executor.parallel:run_until_complete finished with '0'
[8.384s] DEBUG:colcon.colcon_core.event_reactor:joining thread
[8.397s] INFO:colcon.colcon_core.plugin_system:Skipping extension 'colcon_notification.desktop_notification.terminal_notifier': Not used on non-Darwin systems
[8.397s] INFO:colcon.colcon_core.plugin_system:Skipping extension 'colcon_notification.desktop_notification.win32': Not used on non-Windows systems
[8.397s] INFO:colcon.colcon_notification.desktop_notification:Sending desktop notification using 'notify2'
[8.457s] DEBUG:colcon.colcon_core.event_reactor:joined thread
[8.458s] INFO:colcon.colcon_core.shell:Creating prefix script '/home/vboxuser/Downloads/trabalho_stage_ros2/install/local_setup.ps1'
[8.461s] INFO:colcon.colcon_core.shell:Creating prefix util module '/home/vboxuser/Downloads/trabalho_stage_ros2/install/_local_setup_util_ps1.py'
[8.479s] INFO:colcon.colcon_core.shell:Creating prefix chain script '/home/vboxuser/Downloads/trabalho_stage_ros2/install/setup.ps1'
[8.484s] INFO:colcon.colcon_core.shell:Creating prefix script '/home/vboxuser/Downloads/trabalho_stage_ros2/install/local_setup.sh'
[8.486s] INFO:colcon.colcon_core.shell:Creating prefix util module '/home/vboxuser/Downloads/trabalho_stage_ros2/install/_local_setup_util_sh.py'
[8.494s] INFO:colcon.colcon_core.shell:Creating prefix chain script '/home/vboxuser/Downloads/trabalho_stage_ros2/install/setup.sh'
[8.508s] INFO:colcon.colcon_core.shell:Creating prefix script '/home/vboxuser/Downloads/trabalho_stage_ros2/install/local_setup.bash'
[8.510s] INFO:colcon.colcon_core.shell:Creating prefix chain script '/home/vboxuser/Downloads/trabalho_stage_ros2/install/setup.bash'
[8.514s] INFO:colcon.colcon_core.shell:Creating prefix script '/home/vboxuser/Downloads/trabalho_stage_ros2/install/local_setup.zsh'
[8.516s] INFO:colcon.colcon_core.shell:Creating prefix chain script '/home/vboxuser/Downloads/trabalho_stage_ros2/install/setup.zsh'
