[2.493s] Invoking command in '/home/vboxuser/Downloads/trabalho_stage_ros2/src/my_py_pkg': PYTHONPATH=/home/vboxuser/Downloads/trabalho_stage_ros2/build/my_py_pkg/prefix_override:/usr/lib/python3/dist-packages/colcon_core/task/python/colcon_distutils_commands:/home/vboxuser/Downloads/trabalho_stage_ros2/install/my_py_pkg/lib/python3.10/site-packages:${PYTHONPATH} /usr/bin/python3 -W ignore:setup.py install is deprecated -W ignore:easy_install command is deprecated setup.py egg_info --egg-base ../../build/my_py_pkg build --build-base /home/vboxuser/Downloads/trabalho_stage_ros2/build/my_py_pkg/build install --record /home/vboxuser/Downloads/trabalho_stage_ros2/build/my_py_pkg/install.log --single-version-externally-managed install_data
[3.584s] running egg_info
[3.585s] writing ../../build/my_py_pkg/my_py_pkg.egg-info/PKG-INFO
[3.585s] writing dependency_links to ../../build/my_py_pkg/my_py_pkg.egg-info/dependency_links.txt
[3.585s] writing entry points to ../../build/my_py_pkg/my_py_pkg.egg-info/entry_points.txt
[3.585s] writing requirements to ../../build/my_py_pkg/my_py_pkg.egg-info/requires.txt
[3.585s] writing top-level names to ../../build/my_py_pkg/my_py_pkg.egg-info/top_level.txt
[3.586s] reading manifest file '../../build/my_py_pkg/my_py_pkg.egg-info/SOURCES.txt'
[3.586s] writing manifest file '../../build/my_py_pkg/my_py_pkg.egg-info/SOURCES.txt'
[3.586s] running build
[3.586s] running build_py
[3.603s] running install
[3.603s] running install_lib
[3.634s] running install_data
[3.634s] running install_egg_info
[3.634s] removing '/home/vboxuser/Downloads/trabalho_stage_ros2/install/my_py_pkg/lib/python3.10/site-packages/my_py_pkg-0.0.0-py3.10.egg-info' (and everything under it)
[3.634s] Copying ../../build/my_py_pkg/my_py_pkg.egg-info to /home/vboxuser/Downloads/trabalho_stage_ros2/install/my_py_pkg/lib/python3.10/site-packages/my_py_pkg-0.0.0-py3.10.egg-info
[3.634s] running install_scripts
[3.772s] Installing robot_controller script to /home/vboxuser/Downloads/trabalho_stage_ros2/install/my_py_pkg/lib/my_py_pkg
[3.772s] writing list of installed files to '/home/vboxuser/Downloads/trabalho_stage_ros2/build/my_py_pkg/install.log'
[3.854s] Invoked command in '/home/vboxuser/Downloads/trabalho_stage_ros2/src/my_py_pkg' returned '0': PYTHONPATH=/home/vboxuser/Downloads/trabalho_stage_ros2/build/my_py_pkg/prefix_override:/usr/lib/python3/dist-packages/colcon_core/task/python/colcon_distutils_commands:/home/vboxuser/Downloads/trabalho_stage_ros2/install/my_py_pkg/lib/python3.10/site-packages:${PYTHONPATH} /usr/bin/python3 -W ignore:setup.py install is deprecated -W ignore:easy_install command is deprecated setup.py egg_info --egg-base ../../build/my_py_pkg build --build-base /home/vboxuser/Downloads/trabalho_stage_ros2/build/my_py_pkg/build install --record /home/vboxuser/Downloads/trabalho_stage_ros2/build/my_py_pkg/install.log --single-version-externally-managed install_data
