[0.058s] Invoking command in '/home/vboxuser/Downloads/trabalho_stage_ros2/build/stage_ros2': CMAKE_PREFIX_PATH=/home/vboxuser/Downloads/trabalho_stage_ros2/install/stage_ros2:/home/vboxuser/Downloads/trabalho_stage_ros2/install/my_py_pkg:/opt/ros/humble:/home/vboxuser/Downloads/trabalho_stage_ros2/install/stage /usr/bin/cmake --build /home/vboxuser/Downloads/trabalho_stage_ros2/build/stage_ros2 -- -j1 -l1
[0.299s] [ 71%] Built target stage_node
[0.396s] [100%] Built target stage_ros2
[0.439s] Invoked command in '/home/vboxuser/Downloads/trabalho_stage_ros2/build/stage_ros2' returned '0': CMAKE_PREFIX_PATH=/home/vboxuser/Downloads/trabalho_stage_ros2/install/stage_ros2:/home/vboxuser/Downloads/trabalho_stage_ros2/install/my_py_pkg:/opt/ros/humble:/home/vboxuser/Downloads/trabalho_stage_ros2/install/stage /usr/bin/cmake --build /home/vboxuser/Downloads/trabalho_stage_ros2/build/stage_ros2 -- -j1 -l1
[0.440s] Invoking command in '/home/vboxuser/Downloads/trabalho_stage_ros2/build/stage_ros2': CMAKE_PREFIX_PATH=/home/vboxuser/Downloads/trabalho_stage_ros2/install/stage_ros2:/home/vboxuser/Downloads/trabalho_stage_ros2/install/my_py_pkg:/opt/ros/humble:/home/vboxuser/Downloads/trabalho_stage_ros2/install/stage /usr/bin/cmake --install /home/vboxuser/Downloads/trabalho_stage_ros2/build/stage_ros2
[0.446s] -- Install configuration: ""
[0.447s] -- Up-to-date: /home/vboxuser/Downloads/trabalho_stage_ros2/install/stage_ros2/share/stage_ros2/environment/library_path.sh
[0.448s] -- Up-to-date: /home/vboxuser/Downloads/trabalho_stage_ros2/install/stage_ros2/share/stage_ros2/environment/library_path.dsv
[0.448s] -- Up-to-date: /home/vboxuser/Downloads/trabalho_stage_ros2/install/stage_ros2/share/stage_ros2//launch
[0.449s] -- Up-to-date: /home/vboxuser/Downloads/trabalho_stage_ros2/install/stage_ros2/share/stage_ros2//launch/stage.launch.py
[0.449s] -- Up-to-date: /home/vboxuser/Downloads/trabalho_stage_ros2/install/stage_ros2/share/stage_ros2//world
[0.450s] -- Up-to-date: /home/vboxuser/Downloads/trabalho_stage_ros2/install/stage_ros2/share/stage_ros2//world/include
[0.450s] -- Up-to-date: /home/vboxuser/Downloads/trabalho_stage_ros2/install/stage_ros2/share/stage_ros2//world/include/pioneer2dx.inc
[0.450s] -- Up-to-date: /home/vboxuser/Downloads/trabalho_stage_ros2/install/stage_ros2/share/stage_ros2//world/include/robots.inc
[0.451s] -- Up-to-date: /home/vboxuser/Downloads/trabalho_stage_ros2/install/stage_ros2/share/stage_ros2//world/new_cave.world
[0.451s] -- Up-to-date: /home/vboxuser/Downloads/trabalho_stage_ros2/install/stage_ros2/share/stage_ros2//world/bitmaps
[0.453s] -- Up-to-date: /home/vboxuser/Downloads/trabalho_stage_ros2/install/stage_ros2/share/stage_ros2//world/bitmaps/new_cave.png
[0.453s] -- Up-to-date: /home/vboxuser/Downloads/trabalho_stage_ros2/install/stage_ros2/share/stage_ros2//config
[0.453s] -- Up-to-date: /home/vboxuser/Downloads/trabalho_stage_ros2/install/stage_ros2/share/stage_ros2//config/teleop_twist_joy
[0.454s] -- Up-to-date: /home/vboxuser/Downloads/trabalho_stage_ros2/install/stage_ros2/share/stage_ros2//config/teleop_twist_joy/f710.config.yaml
[0.454s] -- Up-to-date: /home/vboxuser/Downloads/trabalho_stage_ros2/install/stage_ros2/share/stage_ros2//config/rviz
[0.454s] -- Up-to-date: /home/vboxuser/Downloads/trabalho_stage_ros2/install/stage_ros2/share/stage_ros2//config/rviz/cave_three_robots.rviz
[0.454s] -- Up-to-date: /home/vboxuser/Downloads/trabalho_stage_ros2/install/stage_ros2/share/stage_ros2//config/rviz/robot0.rviz
[0.454s] -- Up-to-date: /home/vboxuser/Downloads/trabalho_stage_ros2/install/stage_ros2/share/stage_ros2//config/rviz/cave_seven_robots.rviz
[0.455s] -- Up-to-date: /home/vboxuser/Downloads/trabalho_stage_ros2/install/stage_ros2/share/stage_ros2//config/rviz/robot_ns.rviz
[0.455s] -- Up-to-date: /home/vboxuser/Downloads/trabalho_stage_ros2/install/stage_ros2/share/stage_ros2//config/rviz/cave.rviz
[0.455s] -- Up-to-date: /home/vboxuser/Downloads/trabalho_stage_ros2/install/stage_ros2/share/stage_ros2//config/rviz/robot_ns_depth.rviz
[0.458s] -- Up-to-date: /home/vboxuser/Downloads/trabalho_stage_ros2/install/stage_ros2/share/stage_ros2//config/rviz/lines.rviz
[0.458s] -- Up-to-date: /home/vboxuser/Downloads/trabalho_stage_ros2/install/stage_ros2/lib/libstage_node.so
[0.458s] -- Up-to-date: /home/vboxuser/Downloads/trabalho_stage_ros2/install/stage_ros2/lib/stage_ros2/stage_ros2
[0.458s] -- Up-to-date: /home/vboxuser/Downloads/trabalho_stage_ros2/install/stage_ros2/share/ament_index/resource_index/package_run_dependencies/stage_ros2
[0.459s] -- Up-to-date: /home/vboxuser/Downloads/trabalho_stage_ros2/install/stage_ros2/share/ament_index/resource_index/parent_prefix_path/stage_ros2
[0.459s] -- Up-to-date: /home/vboxuser/Downloads/trabalho_stage_ros2/install/stage_ros2/share/stage_ros2/environment/ament_prefix_path.sh
[0.460s] -- Up-to-date: /home/vboxuser/Downloads/trabalho_stage_ros2/install/stage_ros2/share/stage_ros2/environment/ament_prefix_path.dsv
[0.461s] -- Up-to-date: /home/vboxuser/Downloads/trabalho_stage_ros2/install/stage_ros2/share/stage_ros2/environment/path.sh
[0.461s] -- Up-to-date: /home/vboxuser/Downloads/trabalho_stage_ros2/install/stage_ros2/share/stage_ros2/environment/path.dsv
[0.462s] -- Up-to-date: /home/vboxuser/Downloads/trabalho_stage_ros2/install/stage_ros2/share/stage_ros2/local_setup.bash
[0.462s] -- Up-to-date: /home/vboxuser/Downloads/trabalho_stage_ros2/install/stage_ros2/share/stage_ros2/local_setup.sh
[0.463s] -- Up-to-date: /home/vboxuser/Downloads/trabalho_stage_ros2/install/stage_ros2/share/stage_ros2/local_setup.zsh
[0.463s] -- Up-to-date: /home/vboxuser/Downloads/trabalho_stage_ros2/install/stage_ros2/share/stage_ros2/local_setup.dsv
[0.464s] -- Installing: /home/vboxuser/Downloads/trabalho_stage_ros2/install/stage_ros2/share/stage_ros2/package.dsv
[0.465s] -- Up-to-date: /home/vboxuser/Downloads/trabalho_stage_ros2/install/stage_ros2/share/ament_index/resource_index/packages/stage_ros2
[0.465s] -- Up-to-date: /home/vboxuser/Downloads/trabalho_stage_ros2/install/stage_ros2/share/stage_ros2/cmake/stage_ros2Config.cmake
[0.465s] -- Up-to-date: /home/vboxuser/Downloads/trabalho_stage_ros2/install/stage_ros2/share/stage_ros2/cmake/stage_ros2Config-version.cmake
[0.466s] -- Up-to-date: /home/vboxuser/Downloads/trabalho_stage_ros2/install/stage_ros2/share/stage_ros2/package.xml
[0.492s] Invoked command in '/home/vboxuser/Downloads/trabalho_stage_ros2/build/stage_ros2' returned '0': CMAKE_PREFIX_PATH=/home/vboxuser/Downloads/trabalho_stage_ros2/install/stage_ros2:/home/vboxuser/Downloads/trabalho_stage_ros2/install/my_py_pkg:/opt/ros/humble:/home/vboxuser/Downloads/trabalho_stage_ros2/install/stage /usr/bin/cmake --install /home/vboxuser/Downloads/trabalho_stage_ros2/build/stage_ros2
